2024-05-16 19:50:58.873921: I tensorflow/core/platform/cpu_feature_guard.cc:193] This TensorFlow binary is optimized with oneAPI Deep Neural Network Library (oneDNN) to use the following CPU instructions in performance-critical operations:  AVX2 FMA
To enable them in other operations, rebuild TensorFlow with the appropriate compiler flags.
2024-05-16 19:50:59.713979: W tensorflow/compiler/xla/stream_executor/platform/default/dso_loader.cc:64] Could not load dynamic library 'libnvinfer.so.7'; dlerror: libnvinfer.so.7: cannot open shared object file: No such file or directory
2024-05-16 19:50:59.714140: W tensorflow/compiler/xla/stream_executor/platform/default/dso_loader.cc:64] Could not load dynamic library 'libnvinfer_plugin.so.7'; dlerror: libnvinfer_plugin.so.7: cannot open shared object file: No such file or directory
2024-05-16 19:50:59.714259: W tensorflow/compiler/tf2tensorrt/utils/py_utils.cc:38] TF-TRT Warning: Cannot dlopen some TensorRT libraries. If you would like to use Nvidia GPU with TensorRT, please make sure the missing libraries mentioned above are installed properly.
Files already downloaded and verified
Files already downloaded and verified
Files already downloaded and verified
Using 45000 images for training
Using 5000 images for validation
Using train transform Compose(
    IdentityTransform()
    RandomCrop(size=(32, 32), padding=4)
    ToTensor()
    Normalize(mean=[0.485 0.456 0.406], std=[0.229 0.224 0.225])
)
Processing star_held_out models
Setting up cxi0gvhu and xt1fokcv
Loading cxi0gvhu and xt1fokcv
Matching weights between cxi0gvhu and xt1fokcv
Making interpolation plot between cxi0gvhu and xt1fokcv
t: 0.10000000149011612, train_loss: 0.02926197818575634, train_acc: 0.9906666666666667, test_loss: 0.3884987089037895, test_acc: 0.9066
t: 0.20000000298023224, train_loss: 0.05488958803680208, train_acc: 0.9819333333333333, test_loss: 0.35372735366225244, test_acc: 0.904
t: 0.30000001192092896, train_loss: 0.10338456477059259, train_acc: 0.9662888888888889, test_loss: 0.3429057708382606, test_acc: 0.8976
t: 0.4000000059604645, train_loss: 0.15217992909749348, train_acc: 0.951, test_loss: 0.3485238724946976, test_acc: 0.8914
t: 0.5, train_loss: 0.16344478749434152, train_acc: 0.9490444444444445, test_loss: 0.3494597600400448, test_acc: 0.89
t: 0.6000000238418579, train_loss: 0.13213960744804806, train_acc: 0.9627777777777777, test_loss: 0.33557812705636025, test_acc: 0.8944
t: 0.699999988079071, train_loss: 0.08024870908194118, train_acc: 0.9801555555555556, test_loss: 0.3180175373703241, test_acc: 0.9013
t: 0.800000011920929, train_loss: 0.03650081807971001, train_acc: 0.9928, test_loss: 0.3173034619539976, test_acc: 0.9089
t: 0.8999999761581421, train_loss: 0.011630384873681598, train_acc: 0.9981111111111111, test_loss: 0.34900505110621455, test_acc: 0.9107
Time taken: 106.46879720687866
Setting up cxi0gvhu and 3cvr9moy
Loading cxi0gvhu and 3cvr9moy
Matching weights between cxi0gvhu and 3cvr9moy
Making interpolation plot between cxi0gvhu and 3cvr9moy
t: 0.10000000149011612, train_loss: 0.02853936394982868, train_acc: 0.9906222222222222, test_loss: 0.386666584610939, test_acc: 0.9061
t: 0.20000000298023224, train_loss: 0.05423508135212792, train_acc: 0.9826666666666667, test_loss: 0.3463793221116066, test_acc: 0.9065
t: 0.30000001192092896, train_loss: 0.10296300517717998, train_acc: 0.9667333333333333, test_loss: 0.3328799154609442, test_acc: 0.8977
t: 0.4000000059604645, train_loss: 0.1498703108469645, train_acc: 0.9535333333333333, test_loss: 0.33562110379338267, test_acc: 0.8946
t: 0.5, train_loss: 0.16350393868817223, train_acc: 0.9530222222222222, test_loss: 0.33520457774400714, test_acc: 0.893
t: 0.6000000238418579, train_loss: 0.13587033004893198, train_acc: 0.9649333333333333, test_loss: 0.32136366769671443, test_acc: 0.8986
t: 0.699999988079071, train_loss: 0.08329606668286853, train_acc: 0.9814888888888889, test_loss: 0.3039071050286293, test_acc: 0.9052
t: 0.800000011920929, train_loss: 0.03623777378201485, train_acc: 0.9936, test_loss: 0.303869461864233, test_acc: 0.9106
t: 0.8999999761581421, train_loss: 0.011572590565681457, train_acc: 0.9983777777777778, test_loss: 0.3360630199313164, test_acc: 0.9126
Time taken: 90.98854327201843
Setting up cxi0gvhu and b0xqcc97
Loading cxi0gvhu and b0xqcc97
Matching weights between cxi0gvhu and b0xqcc97
Making interpolation plot between cxi0gvhu and b0xqcc97
t: 0.10000000149011612, train_loss: 0.03020343186987771, train_acc: 0.9903111111111111, test_loss: 0.38784277603030204, test_acc: 0.9061
t: 0.20000000298023224, train_loss: 0.05389975583288405, train_acc: 0.9826444444444444, test_loss: 0.3463953539729118, test_acc: 0.9056
t: 0.30000001192092896, train_loss: 0.09891521997716692, train_acc: 0.9686, test_loss: 0.33188057646155356, test_acc: 0.8968
t: 0.4000000059604645, train_loss: 0.14747957066429987, train_acc: 0.9546222222222223, test_loss: 0.33865494310855865, test_acc: 0.8918
t: 0.5, train_loss: 0.160427488372061, train_acc: 0.9551333333333333, test_loss: 0.3404840326309204, test_acc: 0.8907
t: 0.6000000238418579, train_loss: 0.12938847308423784, train_acc: 0.9674444444444444, test_loss: 0.32551102980971336, test_acc: 0.8958
t: 0.699999988079071, train_loss: 0.07908201225201289, train_acc: 0.9822666666666666, test_loss: 0.304866693764925, test_acc: 0.9036
t: 0.800000011920929, train_loss: 0.03372729014688068, train_acc: 0.9946, test_loss: 0.30172658190131185, test_acc: 0.9119
t: 0.8999999761581421, train_loss: 0.010972067073153124, train_acc: 0.9986, test_loss: 0.3338132783770561, test_acc: 0.914
Time taken: 89.6892991065979
Processing star_anchor models
Setting up cxi0gvhu and 2ihj5vqx
Loading cxi0gvhu and 2ihj5vqx
Matching weights between cxi0gvhu and 2ihj5vqx
Making interpolation plot between cxi0gvhu and 2ihj5vqx
t: 0.10000000149011612, train_loss: 0.023729403603408073, train_acc: 0.9926222222222222, test_loss: 0.40026650577783585, test_acc: 0.9063
t: 0.20000000298023224, train_loss: 0.03124760428087579, train_acc: 0.9901555555555556, test_loss: 0.35801266118884084, test_acc: 0.909
t: 0.30000001192092896, train_loss: 0.04222445058822632, train_acc: 0.9874222222222222, test_loss: 0.32869005218148234, test_acc: 0.9088
t: 0.4000000059604645, train_loss: 0.052999475962585876, train_acc: 0.9843555555555555, test_loss: 0.3094820784777403, test_acc: 0.9089
t: 0.5, train_loss: 0.053158066274060146, train_acc: 0.9855111111111111, test_loss: 0.29876899234950544, test_acc: 0.9097
t: 0.6000000238418579, train_loss: 0.043034710447655784, train_acc: 0.9897555555555556, test_loss: 0.2950802946090698, test_acc: 0.9109
t: 0.699999988079071, train_loss: 0.029472647233804068, train_acc: 0.9941555555555556, test_loss: 0.30076530389487743, test_acc: 0.9125
t: 0.800000011920929, train_loss: 0.016217038545674748, train_acc: 0.9972666666666666, test_loss: 0.31915568202733996, test_acc: 0.9128
t: 0.8999999761581421, train_loss: 0.007541332461933295, train_acc: 0.9989555555555556, test_loss: 0.3532529576867819, test_acc: 0.9137
Time taken: 87.0859866142273
Setting up cxi0gvhu and awukxq7z
Loading cxi0gvhu and awukxq7z
Matching weights between cxi0gvhu and awukxq7z
Making interpolation plot between cxi0gvhu and awukxq7z
t: 0.10000000149011612, train_loss: 0.023804877129942177, train_acc: 0.9922666666666666, test_loss: 0.39714869529008867, test_acc: 0.9078
t: 0.20000000298023224, train_loss: 0.031582447258962525, train_acc: 0.9900444444444444, test_loss: 0.3567602887004614, test_acc: 0.9055
t: 0.30000001192092896, train_loss: 0.0406312021334966, train_acc: 0.9883777777777778, test_loss: 0.33349764049053193, test_acc: 0.9057
t: 0.4000000059604645, train_loss: 0.052514701183636985, train_acc: 0.9853333333333333, test_loss: 0.32031639471650125, test_acc: 0.9049
t: 0.5, train_loss: 0.05262364781697591, train_acc: 0.9862, test_loss: 0.31399464428424834, test_acc: 0.9068
t: 0.6000000238418579, train_loss: 0.04421918766763475, train_acc: 0.9896222222222222, test_loss: 0.3133550873398781, test_acc: 0.9077
t: 0.699999988079071, train_loss: 0.0287312946157323, train_acc: 0.9949111111111111, test_loss: 0.3211117505282164, test_acc: 0.9089
t: 0.800000011920929, train_loss: 0.016541140398714276, train_acc: 0.9973777777777778, test_loss: 0.3416890586912632, test_acc: 0.9109
t: 0.8999999761581421, train_loss: 0.00763556816490988, train_acc: 0.9989777777777777, test_loss: 0.3795577944070101, test_acc: 0.9102
Time taken: 82.40505194664001
Setting up cxi0gvhu and 6jjiplx6
Loading cxi0gvhu and 6jjiplx6
Matching weights between cxi0gvhu and 6jjiplx6
Making interpolation plot between cxi0gvhu and 6jjiplx6
t: 0.10000000149011612, train_loss: 0.023699751660765874, train_acc: 0.9919333333333333, test_loss: 0.3984481393545866, test_acc: 0.9057
t: 0.20000000298023224, train_loss: 0.03048364791340298, train_acc: 0.9897555555555556, test_loss: 0.3581750926375389, test_acc: 0.9063
t: 0.30000001192092896, train_loss: 0.04154790244632297, train_acc: 0.9870444444444444, test_loss: 0.332369559854269, test_acc: 0.9056
t: 0.4000000059604645, train_loss: 0.0509998879565133, train_acc: 0.9854222222222222, test_loss: 0.31588536001741885, test_acc: 0.9064
t: 0.5, train_loss: 0.05284852789905336, train_acc: 0.9864222222222222, test_loss: 0.3065410798043013, test_acc: 0.907
t: 0.6000000238418579, train_loss: 0.04261631852719519, train_acc: 0.9904, test_loss: 0.3034734750539064, test_acc: 0.9084
t: 0.699999988079071, train_loss: 0.0293660778356923, train_acc: 0.9944444444444445, test_loss: 0.3096479758620262, test_acc: 0.9112
t: 0.800000011920929, train_loss: 0.016269923302200104, train_acc: 0.9976666666666667, test_loss: 0.3292789264023304, test_acc: 0.9119
t: 0.8999999761581421, train_loss: 0.00748507449320621, train_acc: 0.9989555555555556, test_loss: 0.3663043032586575, test_acc: 0.9114
Time taken: 132.88498067855835
Setting up cxi0gvhu and ag4qvrse
Loading cxi0gvhu and ag4qvrse
Matching weights between cxi0gvhu and ag4qvrse
Making interpolation plot between cxi0gvhu and ag4qvrse
t: 0.10000000149011612, train_loss: 0.02465744277735551, train_acc: 0.9920666666666667, test_loss: 0.39857113398611543, test_acc: 0.9063
t: 0.20000000298023224, train_loss: 0.030969539557066227, train_acc: 0.9897111111111111, test_loss: 0.3553762585669756, test_acc: 0.9075
t: 0.30000001192092896, train_loss: 0.04196950811545054, train_acc: 0.9871777777777778, test_loss: 0.3263070092350244, test_acc: 0.9078
t: 0.4000000059604645, train_loss: 0.05339051672882504, train_acc: 0.9845555555555555, test_loss: 0.3087737235426903, test_acc: 0.908
t: 0.5, train_loss: 0.05420319721698761, train_acc: 0.9856222222222222, test_loss: 0.3006184633821249, test_acc: 0.9088
t: 0.6000000238418579, train_loss: 0.04469521486494276, train_acc: 0.9895333333333334, test_loss: 0.3000019273161888, test_acc: 0.9104
t: 0.699999988079071, train_loss: 0.03023208077682389, train_acc: 0.9942444444444445, test_loss: 0.3079602883011103, test_acc: 0.9117
t: 0.800000011920929, train_loss: 0.01678338631937901, train_acc: 0.9971555555555556, test_loss: 0.32849301159381866, test_acc: 0.9107
t: 0.8999999761581421, train_loss: 0.008247403795137588, train_acc: 0.9986666666666667, test_loss: 0.3656275849044323, test_acc: 0.9108
Time taken: 87.54670286178589
Setting up cxi0gvhu and w20nt6xz
Loading cxi0gvhu and w20nt6xz
Matching weights between cxi0gvhu and w20nt6xz
Making interpolation plot between cxi0gvhu and w20nt6xz
t: 0.10000000149011612, train_loss: 0.023132823042737113, train_acc: 0.9920888888888889, test_loss: 0.4001028297096491, test_acc: 0.9076
t: 0.20000000298023224, train_loss: 0.030419378570053314, train_acc: 0.9909555555555556, test_loss: 0.35909274868667124, test_acc: 0.9083
t: 0.30000001192092896, train_loss: 0.042997052572833164, train_acc: 0.9862444444444445, test_loss: 0.33058819569647313, test_acc: 0.9083
t: 0.4000000059604645, train_loss: 0.053519964513513776, train_acc: 0.9845555555555555, test_loss: 0.31358733095228675, test_acc: 0.9068
t: 0.5, train_loss: 0.054577773694197335, train_acc: 0.9853111111111111, test_loss: 0.3028799095749855, test_acc: 0.9081
t: 0.6000000238418579, train_loss: 0.04539955656064881, train_acc: 0.9887333333333334, test_loss: 0.2989838090538979, test_acc: 0.91
t: 0.699999988079071, train_loss: 0.030495036028159988, train_acc: 0.9941555555555556, test_loss: 0.30336716085672377, test_acc: 0.9118
t: 0.800000011920929, train_loss: 0.017398202173411845, train_acc: 0.9968666666666667, test_loss: 0.3213959689438343, test_acc: 0.9141
t: 0.8999999761581421, train_loss: 0.008346408102330234, train_acc: 0.9986444444444444, test_loss: 0.3563595376163721, test_acc: 0.9123
Time taken: 92.811288356781
Processing anchor_held_out models
Setting up 2ihj5vqx and xt1fokcv
Loading 2ihj5vqx and xt1fokcv
Matching weights between 2ihj5vqx and xt1fokcv
Making interpolation plot between 2ihj5vqx and xt1fokcv
t: 0.10000000149011612, train_loss: 0.018964757876926, train_acc: 0.9972, test_loss: 0.3238102690130472, test_acc: 0.9104
t: 0.20000000298023224, train_loss: 0.09510871379905277, train_acc: 0.9795111111111111, test_loss: 0.32633819624781607, test_acc: 0.8988
t: 0.30000001192092896, train_loss: 0.2696034208642112, train_acc: 0.9312888888888889, test_loss: 0.4185911536216736, test_acc: 0.8697
t: 0.4000000059604645, train_loss: 0.47924610410266455, train_acc: 0.8654666666666667, test_loss: 0.5611128234863281, test_acc: 0.8336
t: 0.5, train_loss: 0.5810561733245849, train_acc: 0.8304888888888889, test_loss: 0.6368011891841888, test_acc: 0.8108
t: 0.6000000238418579, train_loss: 0.4937264372083876, train_acc: 0.8592666666666666, test_loss: 0.5731728315353394, test_acc: 0.827
t: 0.699999988079071, train_loss: 0.28292861416604786, train_acc: 0.9230666666666667, test_loss: 0.4329330775141716, test_acc: 0.8662
t: 0.800000011920929, train_loss: 0.10118797829680973, train_acc: 0.9756666666666667, test_loss: 0.3343798466026783, test_acc: 0.8943
t: 0.8999999761581421, train_loss: 0.020424318199853103, train_acc: 0.9968222222222223, test_loss: 0.33046416848897936, test_acc: 0.9083
Time taken: 83.27704787254333
Setting up awukxq7z and xt1fokcv
Loading awukxq7z and xt1fokcv
Matching weights between awukxq7z and xt1fokcv
Making interpolation plot between awukxq7z and xt1fokcv
t: 0.10000000149011612, train_loss: 0.01841947545011838, train_acc: 0.9974888888888889, test_loss: 0.34353314600884916, test_acc: 0.9086
t: 0.20000000298023224, train_loss: 0.09067286392185422, train_acc: 0.9815555555555555, test_loss: 0.3345017261058092, test_acc: 0.8986
t: 0.30000001192092896, train_loss: 0.2624800399250454, train_acc: 0.9352222222222222, test_loss: 0.42009990721940993, test_acc: 0.8739
t: 0.4000000059604645, train_loss: 0.46731188997162715, train_acc: 0.8734222222222222, test_loss: 0.5570095214247703, test_acc: 0.837
t: 0.5, train_loss: 0.5702341273943583, train_acc: 0.8412888888888889, test_loss: 0.6318292397260666, test_acc: 0.8153
t: 0.6000000238418579, train_loss: 0.4844970774703556, train_acc: 0.8638444444444444, test_loss: 0.5713552597165108, test_acc: 0.8309
t: 0.699999988079071, train_loss: 0.28062110067473517, train_acc: 0.9254444444444444, test_loss: 0.4334398853778839, test_acc: 0.868
t: 0.800000011920929, train_loss: 0.10061510170168347, train_acc: 0.9762888888888889, test_loss: 0.33566308483481405, test_acc: 0.8945
t: 0.8999999761581421, train_loss: 0.020650761893722745, train_acc: 0.9965555555555555, test_loss: 0.3325492010265589, test_acc: 0.9087
Time taken: 94.76827144622803
Setting up 6jjiplx6 and xt1fokcv
Loading 6jjiplx6 and xt1fokcv
Matching weights between 6jjiplx6 and xt1fokcv
Making interpolation plot between 6jjiplx6 and xt1fokcv
t: 0.10000000149011612, train_loss: 0.019131938444574673, train_acc: 0.9972888888888889, test_loss: 0.33304274156689645, test_acc: 0.91
t: 0.20000000298023224, train_loss: 0.09092526006963518, train_acc: 0.9818222222222223, test_loss: 0.32425335720181464, test_acc: 0.9004
t: 0.30000001192092896, train_loss: 0.25744468393325803, train_acc: 0.9382, test_loss: 0.4105784985423088, test_acc: 0.8751
t: 0.4000000059604645, train_loss: 0.4633737051963806, train_acc: 0.8784222222222222, test_loss: 0.5508382001519203, test_acc: 0.8386
t: 0.5, train_loss: 0.5649056282573276, train_acc: 0.8461555555555555, test_loss: 0.6275839287042618, test_acc: 0.8176
t: 0.6000000238418579, train_loss: 0.4763138352976905, train_acc: 0.8713333333333333, test_loss: 0.563153526186943, test_acc: 0.832
t: 0.699999988079071, train_loss: 0.27078375477261013, train_acc: 0.932, test_loss: 0.42353782564401626, test_acc: 0.8682
t: 0.800000011920929, train_loss: 0.09639126465320587, train_acc: 0.9792888888888889, test_loss: 0.3287532225251198, test_acc: 0.8953
t: 0.8999999761581421, train_loss: 0.01992376990980572, train_acc: 0.9967111111111111, test_loss: 0.3286699435859919, test_acc: 0.9091
Time taken: 77.98871946334839
Setting up ag4qvrse and xt1fokcv
Loading ag4qvrse and xt1fokcv
Matching weights between ag4qvrse and xt1fokcv
Making interpolation plot between ag4qvrse and xt1fokcv
t: 0.10000000149011612, train_loss: 0.021425046135319602, train_acc: 0.9963111111111111, test_loss: 0.33977518551051616, test_acc: 0.9064
t: 0.20000000298023224, train_loss: 0.1074920595837964, train_acc: 0.9718444444444444, test_loss: 0.35496082335710527, test_acc: 0.8909
t: 0.30000001192092896, train_loss: 0.30752087642881604, train_acc: 0.9072222222222223, test_loss: 0.46963267743587495, test_acc: 0.8514
t: 0.4000000059604645, train_loss: 0.5421159544203017, train_acc: 0.8282, test_loss: 0.6308515077829361, test_acc: 0.7983
t: 0.5, train_loss: 0.6520935567008125, train_acc: 0.7876, test_loss: 0.7101177909970283, test_acc: 0.772
t: 0.6000000238418579, train_loss: 0.5465503694958157, train_acc: 0.8246222222222223, test_loss: 0.6315438631176948, test_acc: 0.7989
t: 0.699999988079071, train_loss: 0.3105405881086985, train_acc: 0.9056666666666666, test_loss: 0.46629717767238615, test_acc: 0.8506
t: 0.800000011920929, train_loss: 0.10954480356375376, train_acc: 0.9721333333333333, test_loss: 0.34673735141754153, test_acc: 0.8906
t: 0.8999999761581421, train_loss: 0.02074189360903369, train_acc: 0.9967333333333334, test_loss: 0.33367410555481913, test_acc: 0.9083
Time taken: 92.89042568206787
Setting up w20nt6xz and xt1fokcv
Loading w20nt6xz and xt1fokcv
Matching weights between w20nt6xz and xt1fokcv
Making interpolation plot between w20nt6xz and xt1fokcv
t: 0.10000000149011612, train_loss: 0.020669304608636432, train_acc: 0.9966888888888888, test_loss: 0.32666447006165983, test_acc: 0.9108
t: 0.20000000298023224, train_loss: 0.10117481989198261, train_acc: 0.9763111111111111, test_loss: 0.3310749034583569, test_acc: 0.8975
t: 0.30000001192092896, train_loss: 0.2948898800690969, train_acc: 0.9183333333333333, test_loss: 0.4389973735809326, test_acc: 0.8619
t: 0.4000000059604645, train_loss: 0.5324830179214477, train_acc: 0.8407333333333333, test_loss: 0.6022952967882156, test_acc: 0.8157
t: 0.5, train_loss: 0.6457116081449721, train_acc: 0.8001333333333334, test_loss: 0.6885669475793839, test_acc: 0.7909
t: 0.6000000238418579, train_loss: 0.5426017640537686, train_acc: 0.8342444444444445, test_loss: 0.6141482138633728, test_acc: 0.811
t: 0.699999988079071, train_loss: 0.3091695297029283, train_acc: 0.9119777777777778, test_loss: 0.45222441613674164, test_acc: 0.8585
t: 0.800000011920929, train_loss: 0.10725941390196482, train_acc: 0.974, test_loss: 0.3397056542336941, test_acc: 0.8951
t: 0.8999999761581421, train_loss: 0.02038592791325516, train_acc: 0.9971111111111111, test_loss: 0.3309245236217976, test_acc: 0.908
Time taken: 89.75154662132263
Setting up 2ihj5vqx and 3cvr9moy
Loading 2ihj5vqx and 3cvr9moy
Matching weights between 2ihj5vqx and 3cvr9moy
Making interpolation plot between 2ihj5vqx and 3cvr9moy
t: 0.10000000149011612, train_loss: 0.019479556469453707, train_acc: 0.9968, test_loss: 0.32591107845306394, test_acc: 0.9095
t: 0.20000000298023224, train_loss: 0.09594242376950052, train_acc: 0.9776666666666667, test_loss: 0.33058510392904283, test_acc: 0.8967
t: 0.30000001192092896, train_loss: 0.26559750572840374, train_acc: 0.9278, test_loss: 0.4225297272205353, test_acc: 0.8672
t: 0.4000000059604645, train_loss: 0.46949450465308296, train_acc: 0.8612444444444445, test_loss: 0.5591600790619851, test_acc: 0.8272
t: 0.5, train_loss: 0.5628316444185045, train_acc: 0.8278888888888889, test_loss: 0.6282671722769737, test_acc: 0.8047
t: 0.6000000238418579, train_loss: 0.4652487548298306, train_acc: 0.8612222222222222, test_loss: 0.5606818130612373, test_acc: 0.8237
t: 0.699999988079071, train_loss: 0.2622015684949027, train_acc: 0.9278222222222222, test_loss: 0.425479496717453, test_acc: 0.865
t: 0.800000011920929, train_loss: 0.0933824731932746, train_acc: 0.9797555555555556, test_loss: 0.3348576770722866, test_acc: 0.8962
t: 0.8999999761581421, train_loss: 0.019401233890155953, train_acc: 0.9970666666666667, test_loss: 0.33031482979655263, test_acc: 0.9082
Time taken: 82.64879822731018
Setting up awukxq7z and 3cvr9moy
Loading awukxq7z and 3cvr9moy
Matching weights between awukxq7z and 3cvr9moy
Making interpolation plot between awukxq7z and 3cvr9moy
t: 0.10000000149011612, train_loss: 0.017994144789377848, train_acc: 0.9973777777777778, test_loss: 0.33687552630901335, test_acc: 0.9085
t: 0.20000000298023224, train_loss: 0.08851334914763768, train_acc: 0.9824, test_loss: 0.324255737811327, test_acc: 0.8999
t: 0.30000001192092896, train_loss: 0.2486632116953532, train_acc: 0.9409555555555555, test_loss: 0.40589479565620423, test_acc: 0.875
t: 0.4000000059604645, train_loss: 0.4457354254404704, train_acc: 0.8797333333333334, test_loss: 0.5352917087078094, test_acc: 0.8358
t: 0.5, train_loss: 0.5382725783030192, train_acc: 0.8475111111111111, test_loss: 0.6030690938234329, test_acc: 0.8189
t: 0.6000000238418579, train_loss: 0.45397641086578366, train_acc: 0.8727111111111111, test_loss: 0.5426980116963387, test_acc: 0.8324
t: 0.699999988079071, train_loss: 0.258302264547348, train_acc: 0.9333333333333333, test_loss: 0.4140989252924919, test_acc: 0.8703
t: 0.800000011920929, train_loss: 0.09077808605829875, train_acc: 0.9816444444444444, test_loss: 0.32567858025431634, test_acc: 0.896
t: 0.8999999761581421, train_loss: 0.018178746293650735, train_acc: 0.9976222222222222, test_loss: 0.3257279449701309, test_acc: 0.9088
Time taken: 85.84249830245972
Setting up 6jjiplx6 and 3cvr9moy
Loading 6jjiplx6 and 3cvr9moy
Matching weights between 6jjiplx6 and 3cvr9moy
Making interpolation plot between 6jjiplx6 and 3cvr9moy
t: 0.10000000149011612, train_loss: 0.020310440830141305, train_acc: 0.9969111111111111, test_loss: 0.3346179476380348, test_acc: 0.909
t: 0.20000000298023224, train_loss: 0.0985798975666364, train_acc: 0.9778444444444444, test_loss: 0.3361201550066471, test_acc: 0.8962
t: 0.30000001192092896, train_loss: 0.27787948576079474, train_acc: 0.9261555555555555, test_loss: 0.43588348269462585, test_acc: 0.8626
t: 0.4000000059604645, train_loss: 0.4932151797453562, train_acc: 0.8560666666666666, test_loss: 0.5826805511116981, test_acc: 0.8211
t: 0.5, train_loss: 0.5936060837321812, train_acc: 0.8212222222222222, test_loss: 0.656823813021183, test_acc: 0.7988
t: 0.6000000238418579, train_loss: 0.49681027878655326, train_acc: 0.8522222222222222, test_loss: 0.5834783616662026, test_acc: 0.8196
t: 0.699999988079071, train_loss: 0.28104060071044495, train_acc: 0.9225555555555556, test_loss: 0.43460612297058104, test_acc: 0.8612
t: 0.800000011920929, train_loss: 0.0993361880434884, train_acc: 0.9775555555555555, test_loss: 0.33202236592769624, test_acc: 0.8961
t: 0.8999999761581421, train_loss: 0.019975804640849432, train_acc: 0.9967111111111111, test_loss: 0.3251316800713539, test_acc: 0.9096
Time taken: 85.26968383789062
Setting up ag4qvrse and 3cvr9moy
Loading ag4qvrse and 3cvr9moy
Matching weights between ag4qvrse and 3cvr9moy
Making interpolation plot between ag4qvrse and 3cvr9moy
t: 0.10000000149011612, train_loss: 0.021033974311418003, train_acc: 0.9966888888888888, test_loss: 0.3391214768588543, test_acc: 0.9066
t: 0.20000000298023224, train_loss: 0.10453380841281679, train_acc: 0.973, test_loss: 0.34976243585348127, test_acc: 0.8919
t: 0.30000001192092896, train_loss: 0.29273612979253133, train_acc: 0.9154222222222222, test_loss: 0.45774303287267687, test_acc: 0.8535
t: 0.4000000059604645, train_loss: 0.5171074336687724, train_acc: 0.8386222222222223, test_loss: 0.6125987210869789, test_acc: 0.8034
t: 0.5, train_loss: 0.6203203047010634, train_acc: 0.8037111111111112, test_loss: 0.6889289644360542, test_acc: 0.7801
t: 0.6000000238418579, train_loss: 0.5156223291714986, train_acc: 0.8411555555555555, test_loss: 0.6095280623435975, test_acc: 0.8076
t: 0.699999988079071, train_loss: 0.291955210770501, train_acc: 0.9139111111111111, test_loss: 0.4500950962305069, test_acc: 0.8567
t: 0.800000011920929, train_loss: 0.10303973422845204, train_acc: 0.9751111111111112, test_loss: 0.3399870604276657, test_acc: 0.8933
t: 0.8999999761581421, train_loss: 0.019996250994337928, train_acc: 0.9968888888888889, test_loss: 0.3298413099348545, test_acc: 0.9084
Time taken: 86.46090722084045
Setting up w20nt6xz and 3cvr9moy
Loading w20nt6xz and 3cvr9moy
Matching weights between w20nt6xz and 3cvr9moy
Making interpolation plot between w20nt6xz and 3cvr9moy
t: 0.10000000149011612, train_loss: 0.02131406701306502, train_acc: 0.9968222222222223, test_loss: 0.32641613490879534, test_acc: 0.9111
t: 0.20000000298023224, train_loss: 0.09848198650677999, train_acc: 0.9793777777777778, test_loss: 0.3262551274895668, test_acc: 0.8994
t: 0.30000001192092896, train_loss: 0.28346670074462893, train_acc: 0.9270888888888889, test_loss: 0.4296015490591526, test_acc: 0.8675
t: 0.4000000059604645, train_loss: 0.5080996843443977, train_acc: 0.8510888888888889, test_loss: 0.587506876885891, test_acc: 0.8201
t: 0.5, train_loss: 0.6106458509339227, train_acc: 0.8126222222222222, test_loss: 0.6644538748264313, test_acc: 0.7962
t: 0.6000000238418579, train_loss: 0.502944156826867, train_acc: 0.8511333333333333, test_loss: 0.582366310954094, test_acc: 0.8197
t: 0.699999988079071, train_loss: 0.27837510608567134, train_acc: 0.9256888888888889, test_loss: 0.424536395072937, test_acc: 0.8715
t: 0.800000011920929, train_loss: 0.09485778674152162, train_acc: 0.9798888888888889, test_loss: 0.3251597727835178, test_acc: 0.8979
t: 0.8999999761581421, train_loss: 0.019031601952016353, train_acc: 0.9971111111111111, test_loss: 0.3239127767086029, test_acc: 0.9075
Time taken: 96.87970542907715
Setting up 2ihj5vqx and b0xqcc97
Loading 2ihj5vqx and b0xqcc97
Matching weights between 2ihj5vqx and b0xqcc97
Making interpolation plot between 2ihj5vqx and b0xqcc97
t: 0.10000000149011612, train_loss: 0.019405239220460255, train_acc: 0.9968, test_loss: 0.3268858762830496, test_acc: 0.9109
t: 0.20000000298023224, train_loss: 0.09063584884272681, train_acc: 0.9804, test_loss: 0.3257095122337341, test_acc: 0.8974
t: 0.30000001192092896, train_loss: 0.25277683959537084, train_acc: 0.9348444444444445, test_loss: 0.4111189524829388, test_acc: 0.871
t: 0.4000000059604645, train_loss: 0.452456505590015, train_acc: 0.8722, test_loss: 0.5421475547552109, test_acc: 0.8343
t: 0.5, train_loss: 0.5489743920432196, train_acc: 0.8391777777777778, test_loss: 0.6096695098280906, test_acc: 0.8147
t: 0.6000000238418579, train_loss: 0.45573020595444574, train_acc: 0.8702, test_loss: 0.5447366073727608, test_acc: 0.8309
t: 0.699999988079071, train_loss: 0.25934480787913006, train_acc: 0.9305111111111111, test_loss: 0.41026570841670035, test_acc: 0.8707
t: 0.800000011920929, train_loss: 0.09152817735539542, train_acc: 0.9802222222222222, test_loss: 0.3189391078054905, test_acc: 0.9005
t: 0.8999999761581421, train_loss: 0.0187048685948054, train_acc: 0.9972888888888889, test_loss: 0.3189129412174225, test_acc: 0.9143
Time taken: 76.83097505569458
Setting up awukxq7z and b0xqcc97
Loading awukxq7z and b0xqcc97
Matching weights between awukxq7z and b0xqcc97
Making interpolation plot between awukxq7z and b0xqcc97
t: 0.10000000149011612, train_loss: 0.01892095407711135, train_acc: 0.9972, test_loss: 0.3406270508468151, test_acc: 0.9077
t: 0.20000000298023224, train_loss: 0.09315531439648735, train_acc: 0.9802444444444445, test_loss: 0.32904677964746953, test_acc: 0.9017
t: 0.30000001192092896, train_loss: 0.2689150744173262, train_acc: 0.9312666666666667, test_loss: 0.41766451463103293, test_acc: 0.8733
t: 0.4000000059604645, train_loss: 0.48832073854870267, train_acc: 0.8562, test_loss: 0.56325702637434, test_acc: 0.8296
t: 0.5, train_loss: 0.5943458256244659, train_acc: 0.8192222222222222, test_loss: 0.6424410256743431, test_acc: 0.8023
t: 0.6000000238418579, train_loss: 0.4991051076465183, train_acc: 0.8501555555555556, test_loss: 0.575185809135437, test_acc: 0.8232
t: 0.699999988079071, train_loss: 0.28085971641805435, train_acc: 0.9227111111111111, test_loss: 0.4265658822655678, test_acc: 0.8658
t: 0.800000011920929, train_loss: 0.09698345805539026, train_acc: 0.9790666666666666, test_loss: 0.3234062047302723, test_acc: 0.9002
t: 0.8999999761581421, train_loss: 0.019007275529702505, train_acc: 0.9975111111111111, test_loss: 0.3189305591583252, test_acc: 0.9141
Time taken: 89.1067430973053
Setting up 6jjiplx6 and b0xqcc97
Loading 6jjiplx6 and b0xqcc97
Matching weights between 6jjiplx6 and b0xqcc97
Making interpolation plot between 6jjiplx6 and b0xqcc97
t: 0.10000000149011612, train_loss: 0.019438939168718125, train_acc: 0.9970444444444444, test_loss: 0.33835468560457227, test_acc: 0.9091
t: 0.20000000298023224, train_loss: 0.09609087854888704, train_acc: 0.9777111111111111, test_loss: 0.33553008452057836, test_acc: 0.8977
t: 0.30000001192092896, train_loss: 0.2666294899781545, train_acc: 0.9255111111111111, test_loss: 0.4274584387242794, test_acc: 0.8662
t: 0.4000000059604645, train_loss: 0.46688704469468856, train_acc: 0.8637333333333334, test_loss: 0.5652483442425728, test_acc: 0.8246
t: 0.5, train_loss: 0.559213279888365, train_acc: 0.8319777777777778, test_loss: 0.6334684723615647, test_acc: 0.8011
t: 0.6000000238418579, train_loss: 0.4696819543308682, train_acc: 0.8615777777777778, test_loss: 0.5658173722028732, test_acc: 0.8236
t: 0.699999988079071, train_loss: 0.26842062222692703, train_acc: 0.9255333333333333, test_loss: 0.4237120795249939, test_acc: 0.8675
t: 0.800000011920929, train_loss: 0.09494723774327173, train_acc: 0.9779777777777777, test_loss: 0.3242444345355034, test_acc: 0.9007
t: 0.8999999761581421, train_loss: 0.01854249484439691, train_acc: 0.9973333333333333, test_loss: 0.3203999352455139, test_acc: 0.9124
Time taken: 86.62042331695557
Setting up ag4qvrse and b0xqcc97
Loading ag4qvrse and b0xqcc97
Matching weights between ag4qvrse and b0xqcc97
Making interpolation plot between ag4qvrse and b0xqcc97
t: 0.10000000149011612, train_loss: 0.020373780779043834, train_acc: 0.9971777777777778, test_loss: 0.33631282456219197, test_acc: 0.9076
t: 0.20000000298023224, train_loss: 0.10741005142529805, train_acc: 0.9741777777777778, test_loss: 0.347565236389637, test_acc: 0.8945
t: 0.30000001192092896, train_loss: 0.31118270433478884, train_acc: 0.9104888888888889, test_loss: 0.4651537297666073, test_acc: 0.8532
t: 0.4000000059604645, train_loss: 0.5565510245217218, train_acc: 0.8266888888888889, test_loss: 0.6387636443972587, test_acc: 0.8011
t: 0.5, train_loss: 0.6726999243418376, train_acc: 0.7866444444444445, test_loss: 0.7264562821388245, test_acc: 0.7677
t: 0.6000000238418579, train_loss: 0.5664509807056851, train_acc: 0.8228222222222222, test_loss: 0.6411031058430672, test_acc: 0.7989
t: 0.699999988079071, train_loss: 0.31857854010793896, train_acc: 0.9075111111111112, test_loss: 0.4621342751383781, test_acc: 0.8586
t: 0.800000011920929, train_loss: 0.10876194332175784, train_acc: 0.9744666666666667, test_loss: 0.33627622738480567, test_acc: 0.8956
t: 0.8999999761581421, train_loss: 0.020959314019150205, train_acc: 0.9965777777777778, test_loss: 0.3206284312158823, test_acc: 0.9125
Time taken: 86.97162699699402
Setting up w20nt6xz and b0xqcc97
Loading w20nt6xz and b0xqcc97
Matching weights between w20nt6xz and b0xqcc97
Making interpolation plot between w20nt6xz and b0xqcc97
t: 0.10000000149011612, train_loss: 0.019735013007455404, train_acc: 0.9973777777777778, test_loss: 0.3274656556546688, test_acc: 0.9109
t: 0.20000000298023224, train_loss: 0.09433540255758498, train_acc: 0.9797777777777777, test_loss: 0.3237616139650345, test_acc: 0.9024
t: 0.30000001192092896, train_loss: 0.2674706701596578, train_acc: 0.9319555555555555, test_loss: 0.41427678495645526, test_acc: 0.8714
t: 0.4000000059604645, train_loss: 0.47690508698357476, train_acc: 0.8648888888888889, test_loss: 0.5547118583321571, test_acc: 0.8328
t: 0.5, train_loss: 0.5724516232861413, train_acc: 0.8302444444444445, test_loss: 0.6254366394877434, test_acc: 0.8111
t: 0.6000000238418579, train_loss: 0.4807041520807478, train_acc: 0.8582444444444445, test_loss: 0.5562856519222259, test_acc: 0.8305
t: 0.699999988079071, train_loss: 0.2721809961742825, train_acc: 0.9269777777777778, test_loss: 0.41713813185691834, test_acc: 0.8709
t: 0.800000011920929, train_loss: 0.0965286603960726, train_acc: 0.9783555555555555, test_loss: 0.3224567486345768, test_acc: 0.9022
t: 0.8999999761581421, train_loss: 0.01937131632433997, train_acc: 0.9971333333333333, test_loss: 0.3200289249420166, test_acc: 0.9127
Time taken: 105.14111733436584
