2024-05-16 19:50:58.886632: I tensorflow/core/platform/cpu_feature_guard.cc:193] This TensorFlow binary is optimized with oneAPI Deep Neural Network Library (oneDNN) to use the following CPU instructions in performance-critical operations:  AVX2 FMA
To enable them in other operations, rebuild TensorFlow with the appropriate compiler flags.
2024-05-16 19:50:59.739982: W tensorflow/compiler/xla/stream_executor/platform/default/dso_loader.cc:64] Could not load dynamic library 'libnvinfer.so.7'; dlerror: libnvinfer.so.7: cannot open shared object file: No such file or directory
2024-05-16 19:50:59.740137: W tensorflow/compiler/xla/stream_executor/platform/default/dso_loader.cc:64] Could not load dynamic library 'libnvinfer_plugin.so.7'; dlerror: libnvinfer_plugin.so.7: cannot open shared object file: No such file or directory
2024-05-16 19:50:59.740198: W tensorflow/compiler/tf2tensorrt/utils/py_utils.cc:38] TF-TRT Warning: Cannot dlopen some TensorRT libraries. If you would like to use Nvidia GPU with TensorRT, please make sure the missing libraries mentioned above are installed properly.
Files already downloaded and verified
Files already downloaded and verified
Files already downloaded and verified
Using 45000 images for training
Using 5000 images for validation
Using train transform Compose(
    IdentityTransform()
    RandomCrop(size=(32, 32), padding=4)
    ToTensor()
    Normalize(mean=[0.485 0.456 0.406], std=[0.229 0.224 0.225])
)
Processing star_held_out models
Setting up 2ctnmyao and gcnh9h44
Loading 2ctnmyao and gcnh9h44
Matching weights between 2ctnmyao and gcnh9h44
Making interpolation plot between 2ctnmyao and gcnh9h44
t: 0.10000000149011612, train_loss: 0.08521899274322722, train_acc: 0.9704666666666667, test_loss: 0.3984926436841488, test_acc: 0.9037
t: 0.20000000298023224, train_loss: 0.15269966190126208, train_acc: 0.9482, test_loss: 0.42105058804154394, test_acc: 0.892
t: 0.30000001192092896, train_loss: 0.26985109571350946, train_acc: 0.9112888888888889, test_loss: 0.46346000477671623, test_acc: 0.8702
t: 0.4000000059604645, train_loss: 0.3599942981561025, train_acc: 0.8797111111111111, test_loss: 0.5001008696854115, test_acc: 0.8457
t: 0.5, train_loss: 0.3583520439783732, train_acc: 0.8845333333333333, test_loss: 0.48962900519371033, test_acc: 0.8458
t: 0.6000000238418579, train_loss: 0.27079308048089346, train_acc: 0.9227777777777778, test_loss: 0.42350913941860197, test_acc: 0.8717
t: 0.699999988079071, train_loss: 0.1431930244286855, train_acc: 0.9660444444444445, test_loss: 0.3426010164618492, test_acc: 0.8994
t: 0.800000011920929, train_loss: 0.046773059505886505, train_acc: 0.9901333333333333, test_loss: 0.3048601098358631, test_acc: 0.9146
t: 0.8999999761581421, train_loss: 0.009595485099322267, train_acc: 0.9982222222222222, test_loss: 0.3382974684238434, test_acc: 0.9199
Time taken: 195.28404593467712
Setting up 2ctnmyao and 46nd89ml
Loading 2ctnmyao and 46nd89ml
Matching weights between 2ctnmyao and 46nd89ml
Making interpolation plot between 2ctnmyao and 46nd89ml
t: 0.10000000149011612, train_loss: 0.0794477990542849, train_acc: 0.9738, test_loss: 0.3865494976937771, test_acc: 0.9068
t: 0.20000000298023224, train_loss: 0.13600074523819816, train_acc: 0.9546666666666667, test_loss: 0.39385502830147745, test_acc: 0.898
t: 0.30000001192092896, train_loss: 0.2723745918167962, train_acc: 0.9125777777777778, test_loss: 0.44339733839035034, test_acc: 0.8718
t: 0.4000000059604645, train_loss: 0.4484455584790972, train_acc: 0.8633333333333333, test_loss: 0.5425339215993881, test_acc: 0.8384
t: 0.5, train_loss: 0.5220812523947822, train_acc: 0.8468444444444444, test_loss: 0.6029136249423027, test_acc: 0.8246
t: 0.6000000238418579, train_loss: 0.4596867560492622, train_acc: 0.8540666666666666, test_loss: 0.5668801462650299, test_acc: 0.8145
t: 0.699999988079071, train_loss: 0.281600693321228, train_acc: 0.9244666666666667, test_loss: 0.44577506646513937, test_acc: 0.8695
t: 0.800000011920929, train_loss: 0.09218326906892989, train_acc: 0.9783555555555555, test_loss: 0.3331236678361893, test_acc: 0.9011
t: 0.8999999761581421, train_loss: 0.014335360416107707, train_acc: 0.9975777777777778, test_loss: 0.33119923301041126, test_acc: 0.9163
Time taken: 176.59532594680786
Setting up 2ctnmyao and zwq5tav1
Loading 2ctnmyao and zwq5tav1
Matching weights between 2ctnmyao and zwq5tav1
Making interpolation plot between 2ctnmyao and zwq5tav1
t: 0.10000000149011612, train_loss: 0.07758525811566247, train_acc: 0.9736444444444444, test_loss: 0.4050859087705612, test_acc: 0.9044
t: 0.20000000298023224, train_loss: 0.13478749705685508, train_acc: 0.9557777777777777, test_loss: 0.4225790011882782, test_acc: 0.8952
t: 0.30000001192092896, train_loss: 0.2491442932155397, train_acc: 0.9203555555555556, test_loss: 0.4624731108546257, test_acc: 0.8743
t: 0.4000000059604645, train_loss: 0.362281941069497, train_acc: 0.8870222222222223, test_loss: 0.5047770592570305, test_acc: 0.8519
t: 0.5, train_loss: 0.3871160825782352, train_acc: 0.8835777777777778, test_loss: 0.5122836536169052, test_acc: 0.8486
t: 0.6000000238418579, train_loss: 0.3116405922571818, train_acc: 0.9131333333333334, test_loss: 0.46120437651872637, test_acc: 0.8652
t: 0.699999988079071, train_loss: 0.1691077767782741, train_acc: 0.9564444444444444, test_loss: 0.372647787630558, test_acc: 0.8882
t: 0.800000011920929, train_loss: 0.05531311541398366, train_acc: 0.9865555555555555, test_loss: 0.32555145941674707, test_acc: 0.9059
t: 0.8999999761581421, train_loss: 0.01083044597738319, train_acc: 0.998, test_loss: 0.34833294481039045, test_acc: 0.9168
Time taken: 146.09253072738647
Processing star_anchor models
Setting up 2ctnmyao and yuk9nd37
Loading 2ctnmyao and yuk9nd37
Matching weights between 2ctnmyao and yuk9nd37
Making interpolation plot between 2ctnmyao and yuk9nd37
t: 0.10000000149011612, train_loss: 0.06802621365653144, train_acc: 0.9774666666666667, test_loss: 0.37572652161121367, test_acc: 0.9087
t: 0.20000000298023224, train_loss: 0.08372750420835283, train_acc: 0.9722222222222222, test_loss: 0.36036975353956224, test_acc: 0.9046
t: 0.30000001192092896, train_loss: 0.11260762530167898, train_acc: 0.9610444444444445, test_loss: 0.35079860523343087, test_acc: 0.9036
t: 0.4000000059604645, train_loss: 0.115472709274292, train_acc: 0.9614, test_loss: 0.33544591188430783, test_acc: 0.9041
t: 0.5, train_loss: 0.08846520895693037, train_acc: 0.9715333333333334, test_loss: 0.31560001604259014, test_acc: 0.9086
t: 0.6000000238418579, train_loss: 0.05472426497075293, train_acc: 0.9843777777777778, test_loss: 0.30409898422658443, test_acc: 0.9146
t: 0.699999988079071, train_loss: 0.03027062288986312, train_acc: 0.9926666666666667, test_loss: 0.30973569985479116, test_acc: 0.9195
t: 0.800000011920929, train_loss: 0.013360262909200456, train_acc: 0.9971777777777778, test_loss: 0.3336608574539423, test_acc: 0.922
t: 0.8999999761581421, train_loss: 0.005241719656147891, train_acc: 0.9989777777777777, test_loss: 0.3819322833418846, test_acc: 0.9201
Time taken: 136.0757224559784
Setting up 2ctnmyao and oe0xr051
Loading 2ctnmyao and oe0xr051
Matching weights between 2ctnmyao and oe0xr051
Making interpolation plot between 2ctnmyao and oe0xr051
t: 0.10000000149011612, train_loss: 0.0729306206756168, train_acc: 0.9757111111111111, test_loss: 0.40397826611995696, test_acc: 0.9051
t: 0.20000000298023224, train_loss: 0.10669306781424416, train_acc: 0.9644444444444444, test_loss: 0.4195985919237137, test_acc: 0.9025
t: 0.30000001192092896, train_loss: 0.16628953012360467, train_acc: 0.9466888888888889, test_loss: 0.4234117002785206, test_acc: 0.895
t: 0.4000000059604645, train_loss: 0.18628679634730022, train_acc: 0.9384666666666667, test_loss: 0.40304012775421144, test_acc: 0.8911
t: 0.5, train_loss: 0.14902023244433932, train_acc: 0.9498, test_loss: 0.35736499577760694, test_acc: 0.9006
t: 0.6000000238418579, train_loss: 0.09385824982325236, train_acc: 0.9700888888888889, test_loss: 0.32091387815773487, test_acc: 0.907
t: 0.699999988079071, train_loss: 0.048782371021641624, train_acc: 0.9872666666666666, test_loss: 0.3040126785635948, test_acc: 0.9144
t: 0.800000011920929, train_loss: 0.019486270554529297, train_acc: 0.9958222222222223, test_loss: 0.31351166769862177, test_acc: 0.9207
t: 0.8999999761581421, train_loss: 0.005783585450901753, train_acc: 0.9988222222222222, test_loss: 0.35613119166344404, test_acc: 0.9231
Time taken: 127.33145213127136
Setting up 2ctnmyao and 4lpgv7d2
Loading 2ctnmyao and 4lpgv7d2
Matching weights between 2ctnmyao and 4lpgv7d2
Making interpolation plot between 2ctnmyao and 4lpgv7d2
t: 0.10000000149011612, train_loss: 0.06978704412115945, train_acc: 0.9776222222222222, test_loss: 0.3876734785735607, test_acc: 0.9087
t: 0.20000000298023224, train_loss: 0.08970149290296767, train_acc: 0.9700222222222222, test_loss: 0.37776591688394545, test_acc: 0.9059
t: 0.30000001192092896, train_loss: 0.12470540452268389, train_acc: 0.9578444444444445, test_loss: 0.36455983117222784, test_acc: 0.8999
t: 0.4000000059604645, train_loss: 0.1297778702206082, train_acc: 0.955, test_loss: 0.3430148661881685, test_acc: 0.9035
t: 0.5, train_loss: 0.1020815284954177, train_acc: 0.9660666666666666, test_loss: 0.3149574086815119, test_acc: 0.9065
t: 0.6000000238418579, train_loss: 0.06691215234067704, train_acc: 0.9793111111111111, test_loss: 0.2933227577805519, test_acc: 0.9123
t: 0.699999988079071, train_loss: 0.037315451333257886, train_acc: 0.9906888888888888, test_loss: 0.2865311795473099, test_acc: 0.9171
t: 0.800000011920929, train_loss: 0.017020489506506257, train_acc: 0.9967777777777778, test_loss: 0.299219086393714, test_acc: 0.9208
t: 0.8999999761581421, train_loss: 0.005382912841190895, train_acc: 0.9990666666666667, test_loss: 0.33942660242319106, test_acc: 0.9217
Time taken: 185.80336499214172
Setting up 2ctnmyao and xn82z8ti
Loading 2ctnmyao and xn82z8ti
Matching weights between 2ctnmyao and xn82z8ti
Making interpolation plot between 2ctnmyao and xn82z8ti
t: 0.10000000149011612, train_loss: 0.07337742968334092, train_acc: 0.9754888888888888, test_loss: 0.4057956205308437, test_acc: 0.9081
t: 0.20000000298023224, train_loss: 0.11071891589562098, train_acc: 0.9641333333333333, test_loss: 0.4163563983142376, test_acc: 0.9029
t: 0.30000001192092896, train_loss: 0.1736001825239923, train_acc: 0.9459777777777778, test_loss: 0.4228788059949875, test_acc: 0.8951
t: 0.4000000059604645, train_loss: 0.19831106382475958, train_acc: 0.9362444444444444, test_loss: 0.41077994629740716, test_acc: 0.8915
t: 0.5, train_loss: 0.15567473500172296, train_acc: 0.9484, test_loss: 0.37125941112637517, test_acc: 0.8971
t: 0.6000000238418579, train_loss: 0.09171332813633813, train_acc: 0.9696444444444444, test_loss: 0.33312703639268876, test_acc: 0.907
t: 0.699999988079071, train_loss: 0.044691720276408727, train_acc: 0.9871333333333333, test_loss: 0.3184897067397833, test_acc: 0.9148
t: 0.800000011920929, train_loss: 0.01728221971227063, train_acc: 0.9958, test_loss: 0.32905251190066337, test_acc: 0.9215
t: 0.8999999761581421, train_loss: 0.005078870944513215, train_acc: 0.9992, test_loss: 0.36926253262907266, test_acc: 0.9235
Time taken: 133.00095653533936
Setting up 2ctnmyao and elaq5swc
Loading 2ctnmyao and elaq5swc
Matching weights between 2ctnmyao and elaq5swc
Making interpolation plot between 2ctnmyao and elaq5swc
t: 0.10000000149011612, train_loss: 0.06583309330145518, train_acc: 0.9786444444444444, test_loss: 0.38653519622981547, test_acc: 0.9096
t: 0.20000000298023224, train_loss: 0.08653833463456896, train_acc: 0.9711333333333333, test_loss: 0.373244611248374, test_acc: 0.9067
t: 0.30000001192092896, train_loss: 0.11247009173764123, train_acc: 0.9619777777777778, test_loss: 0.36373390309512615, test_acc: 0.9038
t: 0.4000000059604645, train_loss: 0.11014452957312267, train_acc: 0.9627111111111111, test_loss: 0.35122686095535754, test_acc: 0.9042
t: 0.5, train_loss: 0.0821502090771993, train_acc: 0.9725555555555555, test_loss: 0.32930210821330547, test_acc: 0.911
t: 0.6000000238418579, train_loss: 0.05066435106727812, train_acc: 0.9843333333333333, test_loss: 0.3115361274778843, test_acc: 0.9158
t: 0.699999988079071, train_loss: 0.026655595759881866, train_acc: 0.9932666666666666, test_loss: 0.3088633340597153, test_acc: 0.9185
t: 0.800000011920929, train_loss: 0.011846061620695724, train_acc: 0.9974888888888889, test_loss: 0.32923733703792096, test_acc: 0.9211
t: 0.8999999761581421, train_loss: 0.004771958231429259, train_acc: 0.9989555555555556, test_loss: 0.37725290298461917, test_acc: 0.9217
Time taken: 139.80805778503418
Processing anchor_held_out models
Setting up yuk9nd37 and gcnh9h44
Loading yuk9nd37 and gcnh9h44
Matching weights between yuk9nd37 and gcnh9h44
Making interpolation plot between yuk9nd37 and gcnh9h44
t: 0.10000000149011612, train_loss: 0.026536311799287796, train_acc: 0.9941555555555556, test_loss: 0.33226555690169335, test_acc: 0.9141
t: 0.20000000298023224, train_loss: 0.22191409415139093, train_acc: 0.9403555555555555, test_loss: 0.40763574331998825, test_acc: 0.8779
t: 0.30000001192092896, train_loss: 0.7260557544284396, train_acc: 0.7968666666666666, test_loss: 0.7794051253795624, test_acc: 0.7813
t: 0.4000000059604645, train_loss: 1.2767928642061022, train_acc: 0.6132888888888889, test_loss: 1.2643889749050141, test_acc: 0.6276
t: 0.5, train_loss: 1.4920925074471367, train_acc: 0.5384222222222222, test_loss: 1.4640985321998596, test_acc: 0.5618
t: 0.6000000238418579, train_loss: 1.3005186749776205, train_acc: 0.6158444444444444, test_loss: 1.2775013732910157, test_acc: 0.6355
t: 0.699999988079071, train_loss: 0.7736138778262668, train_acc: 0.8203777777777778, test_loss: 0.8023040741682053, test_acc: 0.8003
t: 0.800000011920929, train_loss: 0.23116764369540743, train_acc: 0.9542222222222222, test_loss: 0.3909998546540737, test_acc: 0.8891
t: 0.8999999761581421, train_loss: 0.027215229911936655, train_acc: 0.9947777777777778, test_loss: 0.312992353066802, test_acc: 0.9148
Time taken: 136.1650788784027
Setting up oe0xr051 and gcnh9h44
Loading oe0xr051 and gcnh9h44
Matching weights between oe0xr051 and gcnh9h44
Making interpolation plot between oe0xr051 and gcnh9h44
t: 0.10000000149011612, train_loss: 0.022789604620138803, train_acc: 0.9963777777777778, test_loss: 0.30595678206533194, test_acc: 0.9166
t: 0.20000000298023224, train_loss: 0.20651397501097785, train_acc: 0.9539111111111112, test_loss: 0.3750297065079212, test_acc: 0.8872
t: 0.30000001192092896, train_loss: 0.7097840762244331, train_acc: 0.7765777777777778, test_loss: 0.7473333412408829, test_acc: 0.7617
t: 0.4000000059604645, train_loss: 1.2248368755552503, train_acc: 0.5933333333333334, test_loss: 1.1939378041028976, test_acc: 0.6055
t: 0.5, train_loss: 1.4215934919569226, train_acc: 0.5192, test_loss: 1.3706348502635957, test_acc: 0.5399
t: 0.6000000238418579, train_loss: 1.21512288002438, train_acc: 0.6033777777777778, test_loss: 1.1727484726905824, test_acc: 0.6143
t: 0.699999988079071, train_loss: 0.6847286154641046, train_acc: 0.8001111111111111, test_loss: 0.7143759447336196, test_acc: 0.7819
t: 0.800000011920929, train_loss: 0.19575037859810723, train_acc: 0.9587555555555556, test_loss: 0.36314532592892645, test_acc: 0.8912
t: 0.8999999761581421, train_loss: 0.02312519281622436, train_acc: 0.9960666666666667, test_loss: 0.304770230948925, test_acc: 0.9167
Time taken: 143.35757541656494
Setting up 4lpgv7d2 and gcnh9h44
Loading 4lpgv7d2 and gcnh9h44
Matching weights between 4lpgv7d2 and gcnh9h44
Making interpolation plot between 4lpgv7d2 and gcnh9h44
t: 0.10000000149011612, train_loss: 0.029701931597789128, train_acc: 0.9932666666666666, test_loss: 0.3105679329484701, test_acc: 0.9145
t: 0.20000000298023224, train_loss: 0.24049584539201524, train_acc: 0.9424666666666667, test_loss: 0.3963858643174171, test_acc: 0.8785
t: 0.30000001192092896, train_loss: 0.76128312836753, train_acc: 0.8001777777777778, test_loss: 0.7813139986991883, test_acc: 0.7891
t: 0.4000000059604645, train_loss: 1.2751308476554022, train_acc: 0.6092888888888889, test_loss: 1.2269185948371888, test_acc: 0.6277
t: 0.5, train_loss: 1.4532297710842557, train_acc: 0.5401111111111111, test_loss: 1.3920041859149932, test_acc: 0.5639
t: 0.6000000238418579, train_loss: 1.2406549603356256, train_acc: 0.6213333333333333, test_loss: 1.1902031648159026, test_acc: 0.634
t: 0.699999988079071, train_loss: 0.7078612540774876, train_acc: 0.8200888888888889, test_loss: 0.7286824607849121, test_acc: 0.8069
t: 0.800000011920929, train_loss: 0.2107201959821913, train_acc: 0.9544666666666667, test_loss: 0.37149717152118683, test_acc: 0.8936
t: 0.8999999761581421, train_loss: 0.02548971826053328, train_acc: 0.9948444444444444, test_loss: 0.3097385586798191, test_acc: 0.9178
Time taken: 150.67535877227783
Setting up xn82z8ti and gcnh9h44
Loading xn82z8ti and gcnh9h44
Matching weights between xn82z8ti and gcnh9h44
Making interpolation plot between xn82z8ti and gcnh9h44
t: 0.10000000149011612, train_loss: 0.022837706763048967, train_acc: 0.995, test_loss: 0.3295074014365673, test_acc: 0.9182
t: 0.20000000298023224, train_loss: 0.1995388796488444, train_acc: 0.9471555555555555, test_loss: 0.3911749450862408, test_acc: 0.8875
t: 0.30000001192092896, train_loss: 0.6607019852956136, train_acc: 0.7947333333333333, test_loss: 0.7203871685266495, test_acc: 0.7817
t: 0.4000000059604645, train_loss: 1.139207744937473, train_acc: 0.5834222222222222, test_loss: 1.1273797166347503, test_acc: 0.5986
t: 0.5, train_loss: 1.3258117005030314, train_acc: 0.5172888888888889, test_loss: 1.2931837296485902, test_acc: 0.5257
t: 0.6000000238418579, train_loss: 1.1568698768403796, train_acc: 0.5700666666666667, test_loss: 1.1407315361499786, test_acc: 0.573
t: 0.699999988079071, train_loss: 0.6937747529771593, train_acc: 0.7899777777777778, test_loss: 0.7404923295974731, test_acc: 0.783
t: 0.800000011920929, train_loss: 0.21504099221097098, train_acc: 0.948, test_loss: 0.38941468477249147, test_acc: 0.8915
t: 0.8999999761581421, train_loss: 0.02538754316419363, train_acc: 0.9945777777777778, test_loss: 0.32037065625190736, test_acc: 0.9168
Time taken: 152.0459063053131
Setting up elaq5swc and gcnh9h44
Loading elaq5swc and gcnh9h44
Matching weights between elaq5swc and gcnh9h44
Making interpolation plot between elaq5swc and gcnh9h44
t: 0.10000000149011612, train_loss: 0.024968425482842657, train_acc: 0.9946666666666667, test_loss: 0.31342768639326096, test_acc: 0.9164
t: 0.20000000298023224, train_loss: 0.19874094727834066, train_acc: 0.9570666666666666, test_loss: 0.3609489130973816, test_acc: 0.8933
t: 0.30000001192092896, train_loss: 0.6682976444774203, train_acc: 0.8556, test_loss: 0.6965293157100677, test_acc: 0.8226
t: 0.4000000059604645, train_loss: 1.2016048811382718, train_acc: 0.6583777777777777, test_loss: 1.1698274469375611, test_acc: 0.6532
t: 0.5, train_loss: 1.4348122136433918, train_acc: 0.5022222222222222, test_loss: 1.398697909116745, test_acc: 0.5004
t: 0.6000000238418579, train_loss: 1.283207947561476, train_acc: 0.5308222222222222, test_loss: 1.24979140996933, test_acc: 0.5315
t: 0.699999988079071, train_loss: 0.7721382096820407, train_acc: 0.7955555555555556, test_loss: 0.7831889802217483, test_acc: 0.7881
t: 0.800000011920929, train_loss: 0.23228982615470886, train_acc: 0.9489111111111111, test_loss: 0.3783784468472004, test_acc: 0.8855
t: 0.8999999761581421, train_loss: 0.02730757520861096, train_acc: 0.9946, test_loss: 0.30316559061408044, test_acc: 0.9175
Time taken: 131.0581350326538
Setting up yuk9nd37 and 46nd89ml
Loading yuk9nd37 and 46nd89ml
Matching weights between yuk9nd37 and 46nd89ml
Making interpolation plot between yuk9nd37 and 46nd89ml
t: 0.10000000149011612, train_loss: 0.02464519162244267, train_acc: 0.9962444444444445, test_loss: 0.3091248495876789, test_acc: 0.9182
t: 0.20000000298023224, train_loss: 0.22971957296000586, train_acc: 0.9594444444444444, test_loss: 0.3749195006489754, test_acc: 0.8928
t: 0.30000001192092896, train_loss: 0.8277196365356445, train_acc: 0.8233777777777778, test_loss: 0.8265197718143463, test_acc: 0.8107
t: 0.4000000059604645, train_loss: 1.4678932905620998, train_acc: 0.489, test_loss: 1.415451581478119, test_acc: 0.5393
t: 0.5, train_loss: 1.7329077152676053, train_acc: 0.34224444444444446, test_loss: 1.6808449709415436, test_acc: 0.3683
t: 0.6000000238418579, train_loss: 1.5835445416556464, train_acc: 0.4370222222222222, test_loss: 1.5357897341251374, test_acc: 0.4736
t: 0.699999988079071, train_loss: 0.9979722239282396, train_acc: 0.7732666666666667, test_loss: 0.98696586728096, test_acc: 0.7767
t: 0.800000011920929, train_loss: 0.29624016884697807, train_acc: 0.9548666666666666, test_loss: 0.4159363907575607, test_acc: 0.8898
t: 0.8999999761581421, train_loss: 0.03004193696346548, train_acc: 0.9958444444444444, test_loss: 0.2891451454907656, test_acc: 0.9159
Time taken: 132.03960704803467
Setting up oe0xr051 and 46nd89ml
Loading oe0xr051 and 46nd89ml
Matching weights between oe0xr051 and 46nd89ml
Making interpolation plot between oe0xr051 and 46nd89ml
t: 0.10000000149011612, train_loss: 0.02788253441154957, train_acc: 0.9940222222222223, test_loss: 0.31316643446683884, test_acc: 0.9183
t: 0.20000000298023224, train_loss: 0.2312389078034295, train_acc: 0.9409333333333333, test_loss: 0.3933818005025387, test_acc: 0.8836
t: 0.30000001192092896, train_loss: 0.7137711079067655, train_acc: 0.8101777777777778, test_loss: 0.7416759741306305, test_acc: 0.7941
t: 0.4000000059604645, train_loss: 1.197550495783488, train_acc: 0.6042, test_loss: 1.16198681473732, test_acc: 0.6292
t: 0.5, train_loss: 1.3812838503519693, train_acc: 0.5234, test_loss: 1.3342667531967163, test_acc: 0.5391
t: 0.6000000238418579, train_loss: 1.213416815164354, train_acc: 0.5965111111111111, test_loss: 1.1785649454593659, test_acc: 0.61
t: 0.699999988079071, train_loss: 0.7430690988646613, train_acc: 0.7959111111111111, test_loss: 0.7762515789270401, test_acc: 0.7825
t: 0.800000011920929, train_loss: 0.24748043756484986, train_acc: 0.9378666666666666, test_loss: 0.4135015806555748, test_acc: 0.8798
t: 0.8999999761581421, train_loss: 0.030467266696525944, train_acc: 0.9931333333333333, test_loss: 0.3182481927424669, test_acc: 0.9153
Time taken: 143.61985778808594
Setting up 4lpgv7d2 and 46nd89ml
Loading 4lpgv7d2 and 46nd89ml
Matching weights between 4lpgv7d2 and 46nd89ml
Making interpolation plot between 4lpgv7d2 and 46nd89ml
t: 0.10000000149011612, train_loss: 0.03142706622746256, train_acc: 0.9933111111111111, test_loss: 0.30335446655750276, test_acc: 0.915
t: 0.20000000298023224, train_loss: 0.25353635772599115, train_acc: 0.9381333333333334, test_loss: 0.40493185475468635, test_acc: 0.8755
t: 0.30000001192092896, train_loss: 0.7900574050161574, train_acc: 0.7996, test_loss: 0.811028670668602, test_acc: 0.7779
t: 0.4000000059604645, train_loss: 1.3186835841496785, train_acc: 0.5935111111111111, test_loss: 1.2845048475265504, test_acc: 0.6188
t: 0.5, train_loss: 1.518972354973687, train_acc: 0.46713333333333334, test_loss: 1.4787739872932435, test_acc: 0.4946
t: 0.6000000238418579, train_loss: 1.3617560452143351, train_acc: 0.5680666666666667, test_loss: 1.3328029334545135, test_acc: 0.5809
t: 0.699999988079071, train_loss: 0.8662797327889337, train_acc: 0.776, test_loss: 0.8881921201944352, test_acc: 0.7575
t: 0.800000011920929, train_loss: 0.2831230776045057, train_acc: 0.9382222222222222, test_loss: 0.42885768473148345, test_acc: 0.8757
t: 0.8999999761581421, train_loss: 0.03249931102560626, train_acc: 0.9933333333333333, test_loss: 0.3051327534019947, test_acc: 0.9147
Time taken: 151.83060216903687
Setting up xn82z8ti and 46nd89ml
Loading xn82z8ti and 46nd89ml
Matching weights between xn82z8ti and 46nd89ml
Making interpolation plot between xn82z8ti and 46nd89ml
t: 0.10000000149011612, train_loss: 0.023343989686999057, train_acc: 0.9955333333333334, test_loss: 0.32032051801681516, test_acc: 0.9187
t: 0.20000000298023224, train_loss: 0.206505098689927, train_acc: 0.9526888888888889, test_loss: 0.3913808435201645, test_acc: 0.8896
t: 0.30000001192092896, train_loss: 0.6655060807069143, train_acc: 0.8353777777777778, test_loss: 0.7244668829441071, test_acc: 0.8044
t: 0.4000000059604645, train_loss: 1.1499674225489298, train_acc: 0.6575777777777778, test_loss: 1.1386253851652146, test_acc: 0.66
t: 0.5, train_loss: 1.359568556573656, train_acc: 0.5394444444444444, test_loss: 1.3346898138523102, test_acc: 0.5522
t: 0.6000000238418579, train_loss: 1.2367435061560736, train_acc: 0.5979555555555556, test_loss: 1.2178008902072905, test_acc: 0.6044
t: 0.699999988079071, train_loss: 0.79184806816313, train_acc: 0.7911555555555555, test_loss: 0.8285283398628235, test_acc: 0.7687
t: 0.800000011920929, train_loss: 0.2637424722592036, train_acc: 0.9397555555555556, test_loss: 0.42953787848353386, test_acc: 0.8796
t: 0.8999999761581421, train_loss: 0.031724548160036406, train_acc: 0.9927777777777778, test_loss: 0.32157045908272264, test_acc: 0.9143
Time taken: 146.19830560684204
Setting up elaq5swc and 46nd89ml
Loading elaq5swc and 46nd89ml
Matching weights between elaq5swc and 46nd89ml
Making interpolation plot between elaq5swc and 46nd89ml
t: 0.10000000149011612, train_loss: 0.026409817902247112, train_acc: 0.9943333333333333, test_loss: 0.3184118589013815, test_acc: 0.9153
t: 0.20000000298023224, train_loss: 0.2200563736650679, train_acc: 0.9462666666666667, test_loss: 0.3878416992723942, test_acc: 0.8804
t: 0.30000001192092896, train_loss: 0.7044025892893473, train_acc: 0.8110888888888889, test_loss: 0.7368942099809647, test_acc: 0.7882
t: 0.4000000059604645, train_loss: 1.214331438530816, train_acc: 0.6042, test_loss: 1.172496099472046, test_acc: 0.6281
t: 0.5, train_loss: 1.4402988357332018, train_acc: 0.49693333333333334, test_loss: 1.3826409947872162, test_acc: 0.5328
t: 0.6000000238418579, train_loss: 1.3038947324117025, train_acc: 0.5968222222222223, test_loss: 1.2536237263679504, test_acc: 0.631
t: 0.699999988079071, train_loss: 0.8208800013648139, train_acc: 0.798, test_loss: 0.8239443391561508, test_acc: 0.7794
t: 0.800000011920929, train_loss: 0.2732260675695207, train_acc: 0.9343555555555556, test_loss: 0.40701789304614067, test_acc: 0.8792
t: 0.8999999761581421, train_loss: 0.03468828280369441, train_acc: 0.9916222222222222, test_loss: 0.30235818490386007, test_acc: 0.9148
Time taken: 140.54781031608582
Setting up yuk9nd37 and zwq5tav1
Loading yuk9nd37 and zwq5tav1
Matching weights between yuk9nd37 and zwq5tav1
Making interpolation plot between yuk9nd37 and zwq5tav1
t: 0.10000000149011612, train_loss: 0.02166685246427854, train_acc: 0.9968888888888889, test_loss: 0.3153507476300001, test_acc: 0.9165
t: 0.20000000298023224, train_loss: 0.19773536938958697, train_acc: 0.9653777777777778, test_loss: 0.36183676034212114, test_acc: 0.8973
t: 0.30000001192092896, train_loss: 0.7146668597857158, train_acc: 0.8327333333333333, test_loss: 0.7390953320264816, test_acc: 0.814
t: 0.4000000059604645, train_loss: 1.2923633790334066, train_acc: 0.5598444444444445, test_loss: 1.2494701325893403, test_acc: 0.5846
t: 0.5, train_loss: 1.5328322428385417, train_acc: 0.45855555555555555, test_loss: 1.483178985118866, test_acc: 0.4923
t: 0.6000000238418579, train_loss: 1.3777263654496934, train_acc: 0.5794222222222222, test_loss: 1.3389872133731842, test_acc: 0.5962
t: 0.699999988079071, train_loss: 0.8575140299903022, train_acc: 0.7879555555555555, test_loss: 0.8744605523347855, test_acc: 0.7724
t: 0.800000011920929, train_loss: 0.27270971807108985, train_acc: 0.9444444444444444, test_loss: 0.4186846289038658, test_acc: 0.8783
t: 0.8999999761581421, train_loss: 0.031627620807621215, train_acc: 0.9937555555555555, test_loss: 0.30700119584798813, test_acc: 0.9145
Time taken: 148.65883564949036
Setting up oe0xr051 and zwq5tav1
Loading oe0xr051 and zwq5tav1
Matching weights between oe0xr051 and zwq5tav1
Making interpolation plot between oe0xr051 and zwq5tav1
t: 0.10000000149011612, train_loss: 0.026247711565759446, train_acc: 0.9941111111111111, test_loss: 0.3136491911113262, test_acc: 0.9163
t: 0.20000000298023224, train_loss: 0.2105157850848304, train_acc: 0.9422, test_loss: 0.3787738412618637, test_acc: 0.8856
t: 0.30000001192092896, train_loss: 0.6353642962985568, train_acc: 0.8345111111111111, test_loss: 0.6730121886730194, test_acc: 0.8098
t: 0.4000000059604645, train_loss: 1.06613076616923, train_acc: 0.6882222222222222, test_loss: 1.0379530471563339, test_acc: 0.6975
t: 0.5, train_loss: 1.2397954773796929, train_acc: 0.6138444444444444, test_loss: 1.2004086697101592, test_acc: 0.6193
t: 0.6000000238418579, train_loss: 1.0932964260101319, train_acc: 0.6719777777777778, test_loss: 1.0769548308849335, test_acc: 0.6753
t: 0.699999988079071, train_loss: 0.6871540305773417, train_acc: 0.8086444444444445, test_loss: 0.7471244782209396, test_acc: 0.7801
t: 0.800000011920929, train_loss: 0.25928187652164036, train_acc: 0.9220888888888888, test_loss: 0.4482839468121529, test_acc: 0.8644
t: 0.8999999761581421, train_loss: 0.03633960013224019, train_acc: 0.9895555555555555, test_loss: 0.3455153974890709, test_acc: 0.9107
Time taken: 139.80553221702576
Setting up 4lpgv7d2 and zwq5tav1
Loading 4lpgv7d2 and zwq5tav1
Matching weights between 4lpgv7d2 and zwq5tav1
Making interpolation plot between 4lpgv7d2 and zwq5tav1
t: 0.10000000149011612, train_loss: 0.030761174378626875, train_acc: 0.9928222222222223, test_loss: 0.32200637757778167, test_acc: 0.9127
t: 0.20000000298023224, train_loss: 0.25548274159431456, train_acc: 0.9318222222222222, test_loss: 0.4306017205119133, test_acc: 0.8752
t: 0.30000001192092896, train_loss: 0.8128368907080756, train_acc: 0.7744222222222222, test_loss: 0.8383377385139466, test_acc: 0.7633
t: 0.4000000059604645, train_loss: 1.3376863587697347, train_acc: 0.5645333333333333, test_loss: 1.2947824394702911, test_acc: 0.5778
t: 0.5, train_loss: 1.5233464135064019, train_acc: 0.4945333333333333, test_loss: 1.4669107615947723, test_acc: 0.5118
t: 0.6000000238418579, train_loss: 1.3342164657168918, train_acc: 0.5457555555555555, test_loss: 1.2966444885730743, test_acc: 0.5545
t: 0.699999988079071, train_loss: 0.8171355124791463, train_acc: 0.7745777777777778, test_loss: 0.8576591241359711, test_acc: 0.7598
t: 0.800000011920929, train_loss: 0.27153204157617356, train_acc: 0.9263555555555556, test_loss: 0.45591081112623216, test_acc: 0.8678
t: 0.8999999761581421, train_loss: 0.03439972067475319, train_acc: 0.9911111111111112, test_loss: 0.33989544175565245, test_acc: 0.9098
Time taken: 155.10643434524536
Setting up xn82z8ti and zwq5tav1
Loading xn82z8ti and zwq5tav1
Matching weights between xn82z8ti and zwq5tav1
Making interpolation plot between xn82z8ti and zwq5tav1
t: 0.10000000149011612, train_loss: 0.020627012971209155, train_acc: 0.9964888888888889, test_loss: 0.3119435974955559, test_acc: 0.9203
t: 0.20000000298023224, train_loss: 0.17395676164362164, train_acc: 0.9651777777777778, test_loss: 0.3568467064201832, test_acc: 0.8988
t: 0.30000001192092896, train_loss: 0.6010898191981845, train_acc: 0.8727111111111111, test_loss: 0.6693208089470863, test_acc: 0.8278
t: 0.4000000059604645, train_loss: 1.0843221802393594, train_acc: 0.7005333333333333, test_loss: 1.0912658351659774, test_acc: 0.6858
t: 0.5, train_loss: 1.309869103580051, train_acc: 0.5915333333333334, test_loss: 1.3034599244594574, test_acc: 0.5852
t: 0.6000000238418579, train_loss: 1.1742680280049642, train_acc: 0.6442, test_loss: 1.1818118804693223, test_acc: 0.6357
t: 0.699999988079071, train_loss: 0.7152912180052863, train_acc: 0.8167555555555556, test_loss: 0.7852275103330613, test_acc: 0.7788
t: 0.800000011920929, train_loss: 0.23736185202068752, train_acc: 0.9377333333333333, test_loss: 0.4276952789723873, test_acc: 0.874
t: 0.8999999761581421, train_loss: 0.0309473220858309, train_acc: 0.9923555555555555, test_loss: 0.3336840604245663, test_acc: 0.9127
Time taken: 132.58784699440002
Setting up elaq5swc and zwq5tav1
Loading elaq5swc and zwq5tav1
Matching weights between elaq5swc and zwq5tav1
Making interpolation plot between elaq5swc and zwq5tav1
t: 0.10000000149011612, train_loss: 0.024359110110998155, train_acc: 0.9947555555555555, test_loss: 0.3120694054663181, test_acc: 0.9166
t: 0.20000000298023224, train_loss: 0.19134814527564578, train_acc: 0.9512666666666667, test_loss: 0.35594310477375984, test_acc: 0.891
t: 0.30000001192092896, train_loss: 0.5868847664356232, train_acc: 0.8513111111111111, test_loss: 0.6225253763794899, test_acc: 0.8238
t: 0.4000000059604645, train_loss: 1.0287422122955323, train_acc: 0.7122222222222222, test_loss: 0.9868009036779404, test_acc: 0.7189
t: 0.5, train_loss: 1.2321001698811849, train_acc: 0.6024222222222222, test_loss: 1.1763210910558701, test_acc: 0.6142
t: 0.6000000238418579, train_loss: 1.1034022490183513, train_acc: 0.6766222222222222, test_loss: 1.0676406580209732, test_acc: 0.6818
t: 0.699999988079071, train_loss: 0.6752538025326199, train_acc: 0.8201333333333334, test_loss: 0.7152479708194732, test_acc: 0.7988
t: 0.800000011920929, train_loss: 0.22600294925371806, train_acc: 0.9393111111111111, test_loss: 0.3980371659994125, test_acc: 0.8772
t: 0.8999999761581421, train_loss: 0.02909798189798991, train_acc: 0.9932, test_loss: 0.31956291422247884, test_acc: 0.912
Time taken: 135.308198928833
