2024-05-16 19:50:58.881406: I tensorflow/core/platform/cpu_feature_guard.cc:193] This TensorFlow binary is optimized with oneAPI Deep Neural Network Library (oneDNN) to use the following CPU instructions in performance-critical operations:  AVX2 FMA
To enable them in other operations, rebuild TensorFlow with the appropriate compiler flags.
2024-05-16 19:50:59.717317: W tensorflow/compiler/xla/stream_executor/platform/default/dso_loader.cc:64] Could not load dynamic library 'libnvinfer.so.7'; dlerror: libnvinfer.so.7: cannot open shared object file: No such file or directory
2024-05-16 19:50:59.717477: W tensorflow/compiler/xla/stream_executor/platform/default/dso_loader.cc:64] Could not load dynamic library 'libnvinfer_plugin.so.7'; dlerror: libnvinfer_plugin.so.7: cannot open shared object file: No such file or directory
2024-05-16 19:50:59.717568: W tensorflow/compiler/tf2tensorrt/utils/py_utils.cc:38] TF-TRT Warning: Cannot dlopen some TensorRT libraries. If you would like to use Nvidia GPU with TensorRT, please make sure the missing libraries mentioned above are installed properly.
Files already downloaded and verified
Files already downloaded and verified
Files already downloaded and verified
Using 45000 images for training
Using 5000 images for validation
Using train transform Compose(
    IdentityTransform()
    RandomCrop(size=(32, 32), padding=4)
    ToTensor()
    Normalize(mean=[0.485 0.456 0.406], std=[0.229 0.224 0.225])
)
Processing star_held_out models
Setting up 8slqy2lg and yrpionrk
Loading 8slqy2lg and yrpionrk
Matching weights between 8slqy2lg and yrpionrk
Making interpolation plot between 8slqy2lg and yrpionrk
t: 0.10000000149011612, train_loss: 0.02995216943422953, train_acc: 0.9906888888888888, test_loss: 0.27135579034686086, test_acc: 0.9307
t: 0.20000000298023224, train_loss: 0.08171570594509443, train_acc: 0.9728444444444444, test_loss: 0.2924939466267824, test_acc: 0.9155
t: 0.30000001192092896, train_loss: 0.19250789739423327, train_acc: 0.9370444444444445, test_loss: 0.3533984911441803, test_acc: 0.8935
t: 0.4000000059604645, train_loss: 0.32688923438390094, train_acc: 0.9024444444444445, test_loss: 0.4375958095490933, test_acc: 0.8675
t: 0.5, train_loss: 0.3796129557026757, train_acc: 0.8982444444444444, test_loss: 0.4725784859061241, test_acc: 0.8602
t: 0.6000000238418579, train_loss: 0.27941294717523785, train_acc: 0.9294444444444444, test_loss: 0.4114114904403687, test_acc: 0.8792
t: 0.699999988079071, train_loss: 0.12448952546914419, train_acc: 0.971, test_loss: 0.321357988268137, test_acc: 0.9053
t: 0.800000011920929, train_loss: 0.03494314369691743, train_acc: 0.9936444444444444, test_loss: 0.2828154232352972, test_acc: 0.922
t: 0.8999999761581421, train_loss: 0.0066102339798791545, train_acc: 0.9994444444444445, test_loss: 0.2893345335870981, test_acc: 0.9289
Time taken: 177.21788024902344
Setting up 8slqy2lg and dpldr57i
Loading 8slqy2lg and dpldr57i
Matching weights between 8slqy2lg and dpldr57i
Making interpolation plot between 8slqy2lg and dpldr57i
t: 0.10000000149011612, train_loss: 0.03101328803896904, train_acc: 0.9902888888888889, test_loss: 0.276415996029973, test_acc: 0.9293
t: 0.20000000298023224, train_loss: 0.08407370211548275, train_acc: 0.9714, test_loss: 0.30249672941863537, test_acc: 0.9168
t: 0.30000001192092896, train_loss: 0.19368196776972876, train_acc: 0.9356888888888889, test_loss: 0.358138330578804, test_acc: 0.8896
t: 0.4000000059604645, train_loss: 0.3202166829691993, train_acc: 0.8999333333333334, test_loss: 0.4429180099070072, test_acc: 0.8608
t: 0.5, train_loss: 0.36741094715330336, train_acc: 0.8981333333333333, test_loss: 0.4693224133551121, test_acc: 0.856
t: 0.6000000238418579, train_loss: 0.2875884544637468, train_acc: 0.9274666666666667, test_loss: 0.42032831951975824, test_acc: 0.8744
t: 0.699999988079071, train_loss: 0.13002400119304658, train_acc: 0.9709333333333333, test_loss: 0.3334048260748386, test_acc: 0.9015
t: 0.800000011920929, train_loss: 0.03422666341861089, train_acc: 0.9948, test_loss: 0.29525613330304623, test_acc: 0.9192
t: 0.8999999761581421, train_loss: 0.006174071764159534, train_acc: 0.9996444444444444, test_loss: 0.3005322437733412, test_acc: 0.9283
Time taken: 155.26207780838013
Setting up 8slqy2lg and qj372sza
Loading 8slqy2lg and qj372sza
Matching weights between 8slqy2lg and qj372sza
Making interpolation plot between 8slqy2lg and qj372sza
t: 0.10000000149011612, train_loss: 0.032196670180228024, train_acc: 0.9890666666666666, test_loss: 0.28319842129945755, test_acc: 0.9297
t: 0.20000000298023224, train_loss: 0.08229067509836621, train_acc: 0.9725111111111111, test_loss: 0.30486462913453577, test_acc: 0.916
t: 0.30000001192092896, train_loss: 0.2070271691110399, train_acc: 0.9306, test_loss: 0.3786257368326187, test_acc: 0.8893
t: 0.4000000059604645, train_loss: 0.3705804942395952, train_acc: 0.8859333333333334, test_loss: 0.48414610266685487, test_acc: 0.8509
t: 0.5, train_loss: 0.4383038492838542, train_acc: 0.8740222222222223, test_loss: 0.5307542088627816, test_acc: 0.8351
t: 0.6000000238418579, train_loss: 0.3066340773847368, train_acc: 0.9242, test_loss: 0.4304927365481854, test_acc: 0.8685
t: 0.699999988079071, train_loss: 0.12312582757208082, train_acc: 0.9733111111111111, test_loss: 0.31492693841457364, test_acc: 0.9038
t: 0.800000011920929, train_loss: 0.03167203930417697, train_acc: 0.9953777777777778, test_loss: 0.27509205281734467, test_acc: 0.9212
t: 0.8999999761581421, train_loss: 0.006312532565411594, train_acc: 0.9996222222222222, test_loss: 0.28024262219667434, test_acc: 0.9292
Time taken: 159.27481770515442
Setting up 8slqy2lg and 150kco0f
Loading 8slqy2lg and 150kco0f
Matching weights between 8slqy2lg and 150kco0f
Making interpolation plot between 8slqy2lg and 150kco0f
t: 0.10000000149011612, train_loss: 0.03188628430432743, train_acc: 0.9902888888888889, test_loss: 0.2800765142589807, test_acc: 0.9285
t: 0.20000000298023224, train_loss: 0.08521116798453861, train_acc: 0.9719111111111111, test_loss: 0.3057466246932745, test_acc: 0.9125
t: 0.30000001192092896, train_loss: 0.2065530546373791, train_acc: 0.9322888888888888, test_loss: 0.38120181128382685, test_acc: 0.8818
t: 0.4000000059604645, train_loss: 0.359505700996187, train_acc: 0.8873111111111112, test_loss: 0.4912463514506817, test_acc: 0.8462
t: 0.5, train_loss: 0.40533561182022093, train_acc: 0.8804222222222222, test_loss: 0.5170640715956688, test_acc: 0.8405
t: 0.6000000238418579, train_loss: 0.2998129827340444, train_acc: 0.9190888888888888, test_loss: 0.4382651789486408, test_acc: 0.8661
t: 0.699999988079071, train_loss: 0.1382336696571774, train_acc: 0.9656222222222223, test_loss: 0.3427397179603577, test_acc: 0.8983
t: 0.800000011920929, train_loss: 0.03722914737297429, train_acc: 0.9934444444444445, test_loss: 0.3023537291586399, test_acc: 0.9152
t: 0.8999999761581421, train_loss: 0.00687593971999983, train_acc: 0.9994888888888889, test_loss: 0.3005186823755503, test_acc: 0.9272
Time taken: 166.66838026046753
Setting up 8slqy2lg and 286uyunm
Loading 8slqy2lg and 286uyunm
Matching weights between 8slqy2lg and 286uyunm
Making interpolation plot between 8slqy2lg and 286uyunm
t: 0.10000000149011612, train_loss: 0.02961119267874294, train_acc: 0.9907111111111111, test_loss: 0.27347980365157126, test_acc: 0.9308
t: 0.20000000298023224, train_loss: 0.07588139400614632, train_acc: 0.975, test_loss: 0.30535306096076964, test_acc: 0.9139
t: 0.30000001192092896, train_loss: 0.1829911652300093, train_acc: 0.9398222222222222, test_loss: 0.3774642905592918, test_acc: 0.8849
t: 0.4000000059604645, train_loss: 0.29516800244119434, train_acc: 0.9078666666666667, test_loss: 0.4474788825213909, test_acc: 0.8585
t: 0.5, train_loss: 0.3361860411114163, train_acc: 0.9047111111111111, test_loss: 0.47836419522762297, test_acc: 0.8535
t: 0.6000000238418579, train_loss: 0.25077460707558524, train_acc: 0.9360444444444445, test_loss: 0.4154719293117523, test_acc: 0.8752
t: 0.699999988079071, train_loss: 0.11800425840483772, train_acc: 0.9720888888888889, test_loss: 0.3348284847289324, test_acc: 0.9021
t: 0.800000011920929, train_loss: 0.032793580451773274, train_acc: 0.9946888888888888, test_loss: 0.29347541872411964, test_acc: 0.9214
t: 0.8999999761581421, train_loss: 0.006254522596961922, train_acc: 0.9995555555555555, test_loss: 0.2880199381709099, test_acc: 0.9323
Time taken: 161.12744688987732
Processing star_anchor models
Setting up 8slqy2lg and 1vtsvdrz
Loading 8slqy2lg and 1vtsvdrz
Matching weights between 8slqy2lg and 1vtsvdrz
Making interpolation plot between 8slqy2lg and 1vtsvdrz
t: 0.10000000149011612, train_loss: 0.022573105563720067, train_acc: 0.9929777777777777, test_loss: 0.2724800095334649, test_acc: 0.9325
t: 0.20000000298023224, train_loss: 0.03625335474279192, train_acc: 0.9889333333333333, test_loss: 0.2637535847723484, test_acc: 0.9301
t: 0.30000001192092896, train_loss: 0.061589642401536304, train_acc: 0.9803777777777778, test_loss: 0.27901878669857977, test_acc: 0.9211
t: 0.4000000059604645, train_loss: 0.0873503575099839, train_acc: 0.9726, test_loss: 0.2947693638503551, test_acc: 0.9141
t: 0.5, train_loss: 0.09138595257202785, train_acc: 0.9728666666666667, test_loss: 0.3005434172600508, test_acc: 0.9135
t: 0.6000000238418579, train_loss: 0.06475743497477637, train_acc: 0.9826444444444444, test_loss: 0.29310910068452356, test_acc: 0.9178
t: 0.699999988079071, train_loss: 0.03118735030690829, train_acc: 0.9936888888888888, test_loss: 0.2872630289196968, test_acc: 0.9212
t: 0.800000011920929, train_loss: 0.012052677440312173, train_acc: 0.9986222222222222, test_loss: 0.28090557545423506, test_acc: 0.928
t: 0.8999999761581421, train_loss: 0.0038667795258263745, train_acc: 0.9998222222222222, test_loss: 0.29772946536540984, test_acc: 0.9304
Time taken: 168.7477445602417
Setting up 8slqy2lg and dashmlrw
Loading 8slqy2lg and dashmlrw
Matching weights between 8slqy2lg and dashmlrw
Making interpolation plot between 8slqy2lg and dashmlrw
t: 0.10000000149011612, train_loss: 0.02359571851193905, train_acc: 0.9925555555555555, test_loss: 0.2741399281471968, test_acc: 0.9314
t: 0.20000000298023224, train_loss: 0.03855257205102179, train_acc: 0.9881333333333333, test_loss: 0.2710272528976202, test_acc: 0.929
t: 0.30000001192092896, train_loss: 0.06519856284724342, train_acc: 0.9788888888888889, test_loss: 0.28447919219732287, test_acc: 0.9217
t: 0.4000000059604645, train_loss: 0.09252798377407921, train_acc: 0.9699333333333333, test_loss: 0.29888120710849764, test_acc: 0.9126
t: 0.5, train_loss: 0.09569853562381532, train_acc: 0.9705777777777778, test_loss: 0.3017592865973711, test_acc: 0.9108
t: 0.6000000238418579, train_loss: 0.06864305905765958, train_acc: 0.9814, test_loss: 0.2921475346386433, test_acc: 0.915
t: 0.699999988079071, train_loss: 0.03472571498917209, train_acc: 0.9927111111111111, test_loss: 0.28528995044529437, test_acc: 0.9205
t: 0.800000011920929, train_loss: 0.012654701728953256, train_acc: 0.9985555555555555, test_loss: 0.29329451367259024, test_acc: 0.9262
t: 0.8999999761581421, train_loss: 0.004201913517216841, train_acc: 0.9997555555555555, test_loss: 0.31359497144818305, test_acc: 0.9285
Time taken: 169.25547742843628
Setting up 8slqy2lg and f4gqwgu3
Loading 8slqy2lg and f4gqwgu3
Matching weights between 8slqy2lg and f4gqwgu3
Making interpolation plot between 8slqy2lg and f4gqwgu3
t: 0.10000000149011612, train_loss: 0.023686946850683954, train_acc: 0.9926444444444444, test_loss: 0.2750772491842508, test_acc: 0.9312
t: 0.20000000298023224, train_loss: 0.03817377548880047, train_acc: 0.9878666666666667, test_loss: 0.2743585831671953, test_acc: 0.9285
t: 0.30000001192092896, train_loss: 0.06732984359992875, train_acc: 0.9776, test_loss: 0.28746872536838053, test_acc: 0.9206
t: 0.4000000059604645, train_loss: 0.10029783725208706, train_acc: 0.9672666666666667, test_loss: 0.3080198518931866, test_acc: 0.9103
t: 0.5, train_loss: 0.10066212489737404, train_acc: 0.9679333333333333, test_loss: 0.31132373422384263, test_acc: 0.9079
t: 0.6000000238418579, train_loss: 0.07091713055968285, train_acc: 0.9788666666666667, test_loss: 0.3017158430069685, test_acc: 0.9129
t: 0.699999988079071, train_loss: 0.034638771072361206, train_acc: 0.9917555555555555, test_loss: 0.29284542888402937, test_acc: 0.9168
t: 0.800000011920929, train_loss: 0.012153697090347608, train_acc: 0.9986888888888888, test_loss: 0.2943620757013559, test_acc: 0.9224
t: 0.8999999761581421, train_loss: 0.0041984112477136985, train_acc: 0.9997333333333334, test_loss: 0.3081806702911854, test_acc: 0.9261
Time taken: 174.66428136825562
Setting up 8slqy2lg and k9bggnze
Loading 8slqy2lg and k9bggnze
Matching weights between 8slqy2lg and k9bggnze
Making interpolation plot between 8slqy2lg and k9bggnze
t: 0.10000000149011612, train_loss: 0.02319969723555777, train_acc: 0.9931333333333333, test_loss: 0.2707245995849371, test_acc: 0.9332
t: 0.20000000298023224, train_loss: 0.03777695474823316, train_acc: 0.9883555555555555, test_loss: 0.2664998393505812, test_acc: 0.9287
t: 0.30000001192092896, train_loss: 0.06227130241394043, train_acc: 0.9802222222222222, test_loss: 0.2736140852421522, test_acc: 0.9236
t: 0.4000000059604645, train_loss: 0.08565751908752653, train_acc: 0.9732888888888889, test_loss: 0.28172314442694185, test_acc: 0.9179
t: 0.5, train_loss: 0.08707486591769589, train_acc: 0.9740888888888889, test_loss: 0.28480458237230777, test_acc: 0.9165
t: 0.6000000238418579, train_loss: 0.06235114629533556, train_acc: 0.9838222222222223, test_loss: 0.27721286967396735, test_acc: 0.9206
t: 0.699999988079071, train_loss: 0.031716571756203966, train_acc: 0.9937333333333334, test_loss: 0.27014566510915755, test_acc: 0.9271
t: 0.800000011920929, train_loss: 0.011892159104595582, train_acc: 0.9986444444444444, test_loss: 0.2728470549732447, test_acc: 0.9301
t: 0.8999999761581421, train_loss: 0.004105490800489982, train_acc: 0.9997777777777778, test_loss: 0.2943139274418354, test_acc: 0.9327
Time taken: 152.64630365371704
Setting up 8slqy2lg and u2vs65a7
Loading 8slqy2lg and u2vs65a7
Matching weights between 8slqy2lg and u2vs65a7
Making interpolation plot between 8slqy2lg and u2vs65a7
t: 0.10000000149011612, train_loss: 0.02307883160561323, train_acc: 0.9929333333333333, test_loss: 0.2788070388138294, test_acc: 0.932
t: 0.20000000298023224, train_loss: 0.03676287152270476, train_acc: 0.9886444444444444, test_loss: 0.26800390142947433, test_acc: 0.9277
t: 0.30000001192092896, train_loss: 0.0587903022242917, train_acc: 0.9815333333333334, test_loss: 0.2787478855997324, test_acc: 0.9215
t: 0.4000000059604645, train_loss: 0.08283089899222056, train_acc: 0.9749111111111111, test_loss: 0.2846437694877386, test_acc: 0.9168
t: 0.5, train_loss: 0.0826946996808052, train_acc: 0.9756222222222222, test_loss: 0.2847379726916552, test_acc: 0.9165
t: 0.6000000238418579, train_loss: 0.060604211695657835, train_acc: 0.9844444444444445, test_loss: 0.2776207806915045, test_acc: 0.9209
t: 0.699999988079071, train_loss: 0.030771510100364684, train_acc: 0.9941333333333333, test_loss: 0.27232969157397746, test_acc: 0.9272
t: 0.800000011920929, train_loss: 0.011514730490247408, train_acc: 0.9988222222222222, test_loss: 0.2742503181099892, test_acc: 0.9308
t: 0.8999999761581421, train_loss: 0.003878541468001074, train_acc: 0.9998888888888889, test_loss: 0.296912220492959, test_acc: 0.9316
Time taken: 156.7504198551178
Processing anchor_held_out models
Setting up 1vtsvdrz and yrpionrk
Loading 1vtsvdrz and yrpionrk
Matching weights between 1vtsvdrz and yrpionrk
Making interpolation plot between 1vtsvdrz and yrpionrk
t: 0.10000000149011612, train_loss: 0.009358490140570535, train_acc: 0.9992444444444445, test_loss: 0.3045796985179186, test_acc: 0.9255
t: 0.20000000298023224, train_loss: 0.08321180550654729, train_acc: 0.9817777777777777, test_loss: 0.36112145736813545, test_acc: 0.8998
t: 0.30000001192092896, train_loss: 0.42748898442586264, train_acc: 0.8880444444444444, test_loss: 0.6289251208305359, test_acc: 0.8201
t: 0.4000000059604645, train_loss: 1.0611952448950874, train_acc: 0.6957333333333333, test_loss: 1.1715059727430344, test_acc: 0.6525
t: 0.5, train_loss: 1.3800564988030328, train_acc: 0.5790222222222222, test_loss: 1.4457721197605133, test_acc: 0.5437
t: 0.6000000238418579, train_loss: 0.900902832836575, train_acc: 0.7492888888888889, test_loss: 0.9851832604408264, test_acc: 0.7105
t: 0.699999988079071, train_loss: 0.34181110168033174, train_acc: 0.9068222222222222, test_loss: 0.5218917456269264, test_acc: 0.848
t: 0.800000011920929, train_loss: 0.07554018911918005, train_acc: 0.9808, test_loss: 0.3423176302015781, test_acc: 0.9053
t: 0.8999999761581421, train_loss: 0.009725676686896218, train_acc: 0.9987333333333334, test_loss: 0.3067412057518959, test_acc: 0.9235
Time taken: 178.4044861793518
Setting up dashmlrw and yrpionrk
Loading dashmlrw and yrpionrk
Matching weights between dashmlrw and yrpionrk
Making interpolation plot between dashmlrw and yrpionrk
t: 0.10000000149011612, train_loss: 0.009950891112950113, train_acc: 0.9989777777777777, test_loss: 0.3416100373864174, test_acc: 0.9193
t: 0.20000000298023224, train_loss: 0.09107800385687086, train_acc: 0.9758666666666667, test_loss: 0.4081923289597034, test_acc: 0.8929
t: 0.30000001192092896, train_loss: 0.461856479189131, train_acc: 0.8722222222222222, test_loss: 0.6868268030881882, test_acc: 0.8108
t: 0.4000000059604645, train_loss: 1.3862826755947537, train_acc: 0.5830666666666666, test_loss: 1.5010297763347626, test_acc: 0.5545
t: 0.5, train_loss: 2.0668604156282213, train_acc: 0.3146, test_loss: 2.158399600982666, test_acc: 0.3126
t: 0.6000000238418579, train_loss: 1.52489304907057, train_acc: 0.5228666666666667, test_loss: 1.614387378692627, test_acc: 0.5021
t: 0.699999988079071, train_loss: 0.5431829915046692, train_acc: 0.8418, test_loss: 0.7466490316390991, test_acc: 0.7808
t: 0.800000011920929, train_loss: 0.10340681556330787, train_acc: 0.9715111111111111, test_loss: 0.3968946595489979, test_acc: 0.8884
t: 0.8999999761581421, train_loss: 0.011137899166676733, train_acc: 0.9985333333333334, test_loss: 0.318573439642787, test_acc: 0.9201
Time taken: 162.0020444393158
Setting up f4gqwgu3 and yrpionrk
Loading f4gqwgu3 and yrpionrk
Matching weights between f4gqwgu3 and yrpionrk
Making interpolation plot between f4gqwgu3 and yrpionrk
t: 0.10000000149011612, train_loss: 0.009993914770914448, train_acc: 0.9991111111111111, test_loss: 0.32123839162290097, test_acc: 0.9213
t: 0.20000000298023224, train_loss: 0.10034492140081194, train_acc: 0.9741555555555556, test_loss: 0.3916949515044689, test_acc: 0.8916
t: 0.30000001192092896, train_loss: 0.5607288463380602, train_acc: 0.8434888888888888, test_loss: 0.736298979818821, test_acc: 0.7862
t: 0.4000000059604645, train_loss: 1.5639373433219061, train_acc: 0.5030444444444444, test_loss: 1.6145474243164062, test_acc: 0.4839
t: 0.5, train_loss: 2.03270984471639, train_acc: 0.31062222222222224, test_loss: 2.094085775613785, test_acc: 0.2985
t: 0.6000000238418579, train_loss: 1.3346377296659682, train_acc: 0.5975777777777778, test_loss: 1.4200600647926331, test_acc: 0.564
t: 0.699999988079071, train_loss: 0.45355662785636053, train_acc: 0.8762888888888889, test_loss: 0.642032645046711, test_acc: 0.8101
t: 0.800000011920929, train_loss: 0.08482493607070711, train_acc: 0.9805111111111111, test_loss: 0.37761369958519936, test_acc: 0.8978
t: 0.8999999761581421, train_loss: 0.009827698345647918, train_acc: 0.9989777777777777, test_loss: 0.3164667660742998, test_acc: 0.922
Time taken: 168.8821997642517
Setting up k9bggnze and yrpionrk
Loading k9bggnze and yrpionrk
Matching weights between k9bggnze and yrpionrk
Making interpolation plot between k9bggnze and yrpionrk
t: 0.10000000149011612, train_loss: 0.009929249615470568, train_acc: 0.9987333333333334, test_loss: 0.3111838380247354, test_acc: 0.9279
t: 0.20000000298023224, train_loss: 0.08229753875401286, train_acc: 0.9778888888888889, test_loss: 0.35862793028354645, test_acc: 0.9067
t: 0.30000001192092896, train_loss: 0.31628025996420117, train_acc: 0.9142888888888889, test_loss: 0.504819724559784, test_acc: 0.8625
t: 0.4000000059604645, train_loss: 0.6872019066068861, train_acc: 0.8115777777777777, test_loss: 0.7928333920240402, test_acc: 0.7709
t: 0.5, train_loss: 0.8711792428440518, train_acc: 0.7542666666666666, test_loss: 0.9407777267694474, test_acc: 0.7312
t: 0.6000000238418579, train_loss: 0.6378027306662666, train_acc: 0.8257555555555556, test_loss: 0.7421594581007958, test_acc: 0.787
t: 0.699999988079071, train_loss: 0.2782064775360955, train_acc: 0.9249555555555555, test_loss: 0.4709998467564583, test_acc: 0.8667
t: 0.800000011920929, train_loss: 0.0644139606565237, train_acc: 0.9848888888888889, test_loss: 0.3333276657760143, test_acc: 0.9115
t: 0.8999999761581421, train_loss: 0.008604524438993798, train_acc: 0.9991333333333333, test_loss: 0.3026934005320072, test_acc: 0.9259
Time taken: 152.50982022285461
Setting up u2vs65a7 and yrpionrk
Loading u2vs65a7 and yrpionrk
Matching weights between u2vs65a7 and yrpionrk
Making interpolation plot between u2vs65a7 and yrpionrk
t: 0.10000000149011612, train_loss: 0.009363793193631701, train_acc: 0.9991333333333333, test_loss: 0.30742610439658163, test_acc: 0.9249
t: 0.20000000298023224, train_loss: 0.09521078955067529, train_acc: 0.9766888888888889, test_loss: 0.36730732530355453, test_acc: 0.9003
t: 0.30000001192092896, train_loss: 0.5006562055587769, train_acc: 0.8569333333333333, test_loss: 0.6820823901891708, test_acc: 0.8008
t: 0.4000000059604645, train_loss: 1.3596320764753553, train_acc: 0.5751111111111111, test_loss: 1.455832542181015, test_acc: 0.5429
t: 0.5, train_loss: 1.8852995235655043, train_acc: 0.36306666666666665, test_loss: 1.960186278820038, test_acc: 0.339
t: 0.6000000238418579, train_loss: 1.2389396732754177, train_acc: 0.6297777777777778, test_loss: 1.309925354719162, test_acc: 0.588
t: 0.699999988079071, train_loss: 0.42324246582455105, train_acc: 0.8864888888888889, test_loss: 0.5993368020653724, test_acc: 0.8264
t: 0.800000011920929, train_loss: 0.08609855557282765, train_acc: 0.9784666666666667, test_loss: 0.3625376209616661, test_acc: 0.8989
t: 0.8999999761581421, train_loss: 0.009551782817641893, train_acc: 0.9987555555555555, test_loss: 0.3087130714952946, test_acc: 0.9232
Time taken: 145.2642946243286
Setting up 1vtsvdrz and dpldr57i
Loading 1vtsvdrz and dpldr57i
Matching weights between 1vtsvdrz and dpldr57i
Making interpolation plot between 1vtsvdrz and dpldr57i
t: 0.10000000149011612, train_loss: 0.00891998192510671, train_acc: 0.9990222222222223, test_loss: 0.30112544931471347, test_acc: 0.9262
t: 0.20000000298023224, train_loss: 0.0719944462776184, train_acc: 0.9815777777777778, test_loss: 0.33361941784620286, test_acc: 0.9062
t: 0.30000001192092896, train_loss: 0.2727728687498305, train_acc: 0.9266666666666666, test_loss: 0.4523067158460617, test_acc: 0.8681
t: 0.4000000059604645, train_loss: 0.6077320734553867, train_acc: 0.8409555555555556, test_loss: 0.696515990793705, test_acc: 0.802
t: 0.5, train_loss: 0.8048322493659126, train_acc: 0.7911777777777778, test_loss: 0.8649657535552978, test_acc: 0.7588
t: 0.6000000238418579, train_loss: 0.6138052724414401, train_acc: 0.8451555555555555, test_loss: 0.7096427255868911, test_acc: 0.8021
t: 0.699999988079071, train_loss: 0.2774281601323022, train_acc: 0.9314, test_loss: 0.46724060237407683, test_acc: 0.87
t: 0.800000011920929, train_loss: 0.06884923548367289, train_acc: 0.9840444444444445, test_loss: 0.34346946582198146, test_acc: 0.9055
t: 0.8999999761581421, train_loss: 0.008951749322811762, train_acc: 0.9989111111111111, test_loss: 0.3113315672427416, test_acc: 0.9229
Time taken: 156.52974605560303
Setting up dashmlrw and dpldr57i
Loading dashmlrw and dpldr57i
Matching weights between dashmlrw and dpldr57i
Making interpolation plot between dashmlrw and dpldr57i
t: 0.10000000149011612, train_loss: 0.00914517905736963, train_acc: 0.9988222222222222, test_loss: 0.3171067231148481, test_acc: 0.9227
t: 0.20000000298023224, train_loss: 0.06438015785879558, train_acc: 0.9854, test_loss: 0.3381917834281921, test_acc: 0.9075
t: 0.30000001192092896, train_loss: 0.26596851548088923, train_acc: 0.9283111111111111, test_loss: 0.45743629842996597, test_acc: 0.8687
t: 0.4000000059604645, train_loss: 0.603108764330546, train_acc: 0.8355777777777778, test_loss: 0.7091746902465821, test_acc: 0.7967
t: 0.5, train_loss: 0.8141535627683004, train_acc: 0.7665333333333333, test_loss: 0.9003434997797012, test_acc: 0.7314
t: 0.6000000238418579, train_loss: 0.6425071771091885, train_acc: 0.8178888888888889, test_loss: 0.7601989114284515, test_acc: 0.7781
t: 0.699999988079071, train_loss: 0.2978821452988519, train_acc: 0.9173777777777777, test_loss: 0.5043142893910408, test_acc: 0.8558
t: 0.800000011920929, train_loss: 0.0714249424242311, train_acc: 0.9829333333333333, test_loss: 0.35233425252139566, test_acc: 0.9068
t: 0.8999999761581421, train_loss: 0.009113547923581468, train_acc: 0.9990222222222223, test_loss: 0.31396682918071744, test_acc: 0.9254
Time taken: 168.16146898269653
Setting up f4gqwgu3 and dpldr57i
Loading f4gqwgu3 and dpldr57i
Matching weights between f4gqwgu3 and dpldr57i
Making interpolation plot between f4gqwgu3 and dpldr57i
t: 0.10000000149011612, train_loss: 0.010132114708423614, train_acc: 0.9986, test_loss: 0.34423403307795525, test_acc: 0.9178
t: 0.20000000298023224, train_loss: 0.09408595462905037, train_acc: 0.9756888888888889, test_loss: 0.41199512138962746, test_acc: 0.8903
t: 0.30000001192092896, train_loss: 0.5124332245296902, train_acc: 0.8546222222222222, test_loss: 0.7320987391471863, test_acc: 0.7912
t: 0.4000000059604645, train_loss: 1.6242420108159383, train_acc: 0.47864444444444443, test_loss: 1.7719305896759032, test_acc: 0.4352
t: 0.5, train_loss: 2.261469332885742, train_acc: 0.19566666666666666, test_loss: 2.3787689781188965, test_acc: 0.1799
t: 0.6000000238418579, train_loss: 1.4913410090976291, train_acc: 0.5287777777777778, test_loss: 1.6017724609375, test_acc: 0.483
t: 0.699999988079071, train_loss: 0.5069936175134447, train_acc: 0.8588, test_loss: 0.7223339176177979, test_acc: 0.7838
t: 0.800000011920929, train_loss: 0.09090725034077962, train_acc: 0.9779777777777777, test_loss: 0.3784667086601257, test_acc: 0.8918
t: 0.8999999761581421, train_loss: 0.010014156036741204, train_acc: 0.9988888888888889, test_loss: 0.31875142551958563, test_acc: 0.9239
Time taken: 145.71755409240723
Setting up k9bggnze and dpldr57i
Loading k9bggnze and dpldr57i
Matching weights between k9bggnze and dpldr57i
Making interpolation plot between k9bggnze and dpldr57i
t: 0.10000000149011612, train_loss: 0.009303539912154277, train_acc: 0.9992666666666666, test_loss: 0.3037140884250402, test_acc: 0.9274
t: 0.20000000298023224, train_loss: 0.08388230702347226, train_acc: 0.9818444444444444, test_loss: 0.3466182868182659, test_acc: 0.9038
t: 0.30000001192092896, train_loss: 0.39133298120498655, train_acc: 0.9001555555555556, test_loss: 0.567411672770977, test_acc: 0.842
t: 0.4000000059604645, train_loss: 0.9374672055138482, train_acc: 0.7378, test_loss: 1.0320208662748336, test_acc: 0.6982
t: 0.5, train_loss: 1.2476770690917969, train_acc: 0.6315555555555555, test_loss: 1.3112522304058074, test_acc: 0.6044
t: 0.6000000238418579, train_loss: 0.9311068176057604, train_acc: 0.7454888888888889, test_loss: 1.0125661939382553, test_acc: 0.7113
t: 0.699999988079071, train_loss: 0.3911670484330919, train_acc: 0.9064888888888889, test_loss: 0.5642656800150871, test_acc: 0.843
t: 0.800000011920929, train_loss: 0.0851081020421452, train_acc: 0.9829555555555556, test_loss: 0.34915357276797293, test_acc: 0.9036
t: 0.8999999761581421, train_loss: 0.010044142525311973, train_acc: 0.9988666666666667, test_loss: 0.30549974082037806, test_acc: 0.9269
Time taken: 150.14734482765198
Setting up u2vs65a7 and dpldr57i
Loading u2vs65a7 and dpldr57i
Matching weights between u2vs65a7 and dpldr57i
Making interpolation plot between u2vs65a7 and dpldr57i
t: 0.10000000149011612, train_loss: 0.00994612796737088, train_acc: 0.9988222222222222, test_loss: 0.3077072663605213, test_acc: 0.9234
t: 0.20000000298023224, train_loss: 0.0899196989748213, train_acc: 0.9777555555555556, test_loss: 0.3742016001045704, test_acc: 0.8991
t: 0.30000001192092896, train_loss: 0.4628463120566474, train_acc: 0.8686888888888888, test_loss: 0.6597470253705978, test_acc: 0.8073
t: 0.4000000059604645, train_loss: 1.3078986031638251, train_acc: 0.5983333333333334, test_loss: 1.4240986680984498, test_acc: 0.5549
t: 0.5, train_loss: 1.8662774576187133, train_acc: 0.37264444444444444, test_loss: 1.9900867712497712, test_acc: 0.3381
t: 0.6000000238418579, train_loss: 1.2641849869834052, train_acc: 0.6280666666666667, test_loss: 1.4015269565582276, test_acc: 0.5732
t: 0.699999988079071, train_loss: 0.46668982810444304, train_acc: 0.8722444444444445, test_loss: 0.6814290362596512, test_acc: 0.8056
t: 0.800000011920929, train_loss: 0.09375742926067776, train_acc: 0.9770666666666666, test_loss: 0.392471891194582, test_acc: 0.8955
t: 0.8999999761581421, train_loss: 0.010138467738280693, train_acc: 0.9987111111111111, test_loss: 0.3204947330057621, test_acc: 0.9246
Time taken: 152.03928089141846
Setting up 1vtsvdrz and qj372sza
Loading 1vtsvdrz and qj372sza
Matching weights between 1vtsvdrz and qj372sza
Making interpolation plot between 1vtsvdrz and qj372sza
t: 0.10000000149011612, train_loss: 0.00996433451651699, train_acc: 0.9986, test_loss: 0.31269105613231657, test_acc: 0.9241
t: 0.20000000298023224, train_loss: 0.08187854040728675, train_acc: 0.9796666666666667, test_loss: 0.37173432417213914, test_acc: 0.9015
t: 0.30000001192092896, train_loss: 0.38330943953196206, train_acc: 0.8963555555555556, test_loss: 0.5965290057659149, test_acc: 0.8332
t: 0.4000000059604645, train_loss: 0.9883789307276408, train_acc: 0.7084, test_loss: 1.0824121457338334, test_acc: 0.6755
t: 0.5, train_loss: 1.3264212790171306, train_acc: 0.5826888888888889, test_loss: 1.3968393409252167, test_acc: 0.5466
t: 0.6000000238418579, train_loss: 0.9159822369257609, train_acc: 0.7348888888888889, test_loss: 1.0211611062288284, test_acc: 0.6909
t: 0.699999988079071, train_loss: 0.34097289356125726, train_acc: 0.9094444444444445, test_loss: 0.5449403443932533, test_acc: 0.8445
t: 0.800000011920929, train_loss: 0.07529327137470246, train_acc: 0.9818888888888889, test_loss: 0.3549448887258768, test_acc: 0.9026
t: 0.8999999761581421, train_loss: 0.009230606822669506, train_acc: 0.9989777777777777, test_loss: 0.29568912342190745, test_acc: 0.9282
Time taken: 149.2597301006317
Setting up dashmlrw and qj372sza
Loading dashmlrw and qj372sza
Matching weights between dashmlrw and qj372sza
Making interpolation plot between dashmlrw and qj372sza
t: 0.10000000149011612, train_loss: 0.009235513951712184, train_acc: 0.9991333333333333, test_loss: 0.33373968608677385, test_acc: 0.9222
t: 0.20000000298023224, train_loss: 0.08222748735215929, train_acc: 0.9813555555555555, test_loss: 0.39173935607075694, test_acc: 0.899
t: 0.30000001192092896, train_loss: 0.4349636779944102, train_acc: 0.8860222222222223, test_loss: 0.6758466702699661, test_acc: 0.8117
t: 0.4000000059604645, train_loss: 1.31798519721561, train_acc: 0.6141111111111112, test_loss: 1.433758751153946, test_acc: 0.5727
t: 0.5, train_loss: 1.9642516888512505, train_acc: 0.3473333333333333, test_loss: 2.0384186375141145, test_acc: 0.3356
t: 0.6000000238418579, train_loss: 1.2338614974339803, train_acc: 0.6288444444444444, test_loss: 1.2979236042499542, test_acc: 0.6052
t: 0.699999988079071, train_loss: 0.416623242632548, train_acc: 0.8826888888888889, test_loss: 0.586523442864418, test_acc: 0.8314
t: 0.800000011920929, train_loss: 0.08112714493605826, train_acc: 0.9805111111111111, test_loss: 0.3427507199347019, test_acc: 0.9033
t: 0.8999999761581421, train_loss: 0.009434987685332696, train_acc: 0.999, test_loss: 0.29061171516776085, test_acc: 0.9274
Time taken: 148.10433220863342
Setting up f4gqwgu3 and qj372sza
Loading f4gqwgu3 and qj372sza
Matching weights between f4gqwgu3 and qj372sza
Making interpolation plot between f4gqwgu3 and qj372sza
t: 0.10000000149011612, train_loss: 0.009173530889550845, train_acc: 0.9991333333333333, test_loss: 0.32485674135386944, test_acc: 0.9227
t: 0.20000000298023224, train_loss: 0.06568914011584388, train_acc: 0.9844222222222222, test_loss: 0.34846085458993914, test_acc: 0.9074
t: 0.30000001192092896, train_loss: 0.25349020942052203, train_acc: 0.9314, test_loss: 0.44730555459856985, test_acc: 0.8657
t: 0.4000000059604645, train_loss: 0.5394701624658372, train_acc: 0.8533555555555555, test_loss: 0.6353659996390343, test_acc: 0.8115
t: 0.5, train_loss: 0.7039526561737061, train_acc: 0.8117555555555556, test_loss: 0.7473919063806533, test_acc: 0.7791
t: 0.6000000238418579, train_loss: 0.5431050512684716, train_acc: 0.8536444444444444, test_loss: 0.6222865107655525, test_acc: 0.8152
t: 0.699999988079071, train_loss: 0.2548622268570794, train_acc: 0.9301111111111111, test_loss: 0.43549450382590293, test_acc: 0.8699
t: 0.800000011920929, train_loss: 0.06349864279826482, train_acc: 0.9854444444444445, test_loss: 0.3242058838903904, test_acc: 0.911
t: 0.8999999761581421, train_loss: 0.00882244801455074, train_acc: 0.9991777777777778, test_loss: 0.29189846329391, test_acc: 0.9272
Time taken: 133.7372899055481
Setting up k9bggnze and qj372sza
Loading k9bggnze and qj372sza
Matching weights between k9bggnze and qj372sza
Making interpolation plot between k9bggnze and qj372sza
t: 0.10000000149011612, train_loss: 0.008230647365210784, train_acc: 0.9993555555555556, test_loss: 0.30045688673853876, test_acc: 0.9262
t: 0.20000000298023224, train_loss: 0.06695599120987786, train_acc: 0.9845555555555555, test_loss: 0.33098660230636595, test_acc: 0.9074
t: 0.30000001192092896, train_loss: 0.30668430913819206, train_acc: 0.9181777777777778, test_loss: 0.48568895712494853, test_acc: 0.858
t: 0.4000000059604645, train_loss: 0.820855444071028, train_acc: 0.7683333333333333, test_loss: 0.8958138114213944, test_acc: 0.7339
t: 0.5, train_loss: 1.23176681866116, train_acc: 0.6220222222222223, test_loss: 1.262688508629799, test_acc: 0.6002
t: 0.6000000238418579, train_loss: 0.9355567115571763, train_acc: 0.7283555555555555, test_loss: 0.9946670377254486, test_acc: 0.6994
t: 0.699999988079071, train_loss: 0.37578658555348715, train_acc: 0.8972444444444444, test_loss: 0.5521196702122688, test_acc: 0.8382
t: 0.800000011920929, train_loss: 0.07977449452148544, train_acc: 0.9807555555555556, test_loss: 0.34933686211705206, test_acc: 0.9018
t: 0.8999999761581421, train_loss: 0.009693986550139056, train_acc: 0.9989777777777777, test_loss: 0.2896018449962139, test_acc: 0.9273
Time taken: 141.57790970802307
Setting up u2vs65a7 and qj372sza
Loading u2vs65a7 and qj372sza
Matching weights between u2vs65a7 and qj372sza
Making interpolation plot between u2vs65a7 and qj372sza
t: 0.10000000149011612, train_loss: 0.008741560039420922, train_acc: 0.9992222222222222, test_loss: 0.2907737536728382, test_acc: 0.9288
t: 0.20000000298023224, train_loss: 0.07015343075460857, train_acc: 0.9838222222222223, test_loss: 0.32344338081777096, test_acc: 0.9098
t: 0.30000001192092896, train_loss: 0.3223668102476332, train_acc: 0.9138666666666667, test_loss: 0.49324646770954134, test_acc: 0.8569
t: 0.4000000059604645, train_loss: 0.8495604766421848, train_acc: 0.7538222222222222, test_loss: 0.9212580388784408, test_acc: 0.7226
t: 0.5, train_loss: 1.1679763393614027, train_acc: 0.6468666666666667, test_loss: 1.2184758114814758, test_acc: 0.6232
t: 0.6000000238418579, train_loss: 0.8235355645073785, train_acc: 0.7600222222222223, test_loss: 0.9107857167720794, test_acc: 0.727
t: 0.699999988079071, train_loss: 0.33609146818055047, train_acc: 0.9069111111111111, test_loss: 0.5244169700145721, test_acc: 0.8482
t: 0.800000011920929, train_loss: 0.07622986508674091, train_acc: 0.9814666666666667, test_loss: 0.34566828794777393, test_acc: 0.9066
t: 0.8999999761581421, train_loss: 0.009517451968457965, train_acc: 0.9988666666666667, test_loss: 0.29043355479836463, test_acc: 0.9258
Time taken: 152.82057762145996
Setting up 1vtsvdrz and 150kco0f
Loading 1vtsvdrz and 150kco0f
Matching weights between 1vtsvdrz and 150kco0f
Making interpolation plot between 1vtsvdrz and 150kco0f
t: 0.10000000149011612, train_loss: 0.009544135114053885, train_acc: 0.9989777777777777, test_loss: 0.3037037232518196, test_acc: 0.9255
t: 0.20000000298023224, train_loss: 0.08392617853482565, train_acc: 0.9793333333333333, test_loss: 0.3613315565884113, test_acc: 0.9033
t: 0.30000001192092896, train_loss: 0.33926795404222276, train_acc: 0.9072444444444444, test_loss: 0.5389453691244125, test_acc: 0.8452
t: 0.4000000059604645, train_loss: 0.7636885564168294, train_acc: 0.7867555555555555, test_loss: 0.8771114915609359, test_acc: 0.7479
t: 0.5, train_loss: 0.9732007268269857, train_acc: 0.7222444444444445, test_loss: 1.0630492335557937, test_acc: 0.6867
t: 0.6000000238418579, train_loss: 0.730069530889723, train_acc: 0.7911777777777778, test_loss: 0.8570904648303985, test_acc: 0.7491
t: 0.699999988079071, train_loss: 0.31393434484269883, train_acc: 0.9120888888888888, test_loss: 0.5303741854429245, test_acc: 0.8488
t: 0.800000011920929, train_loss: 0.07596010588275062, train_acc: 0.9811333333333333, test_loss: 0.36373561531305315, test_acc: 0.9051
t: 0.8999999761581421, train_loss: 0.010404892951250076, train_acc: 0.9988666666666667, test_loss: 0.32538475140929224, test_acc: 0.9235
Time taken: 123.16305756568909
Setting up dashmlrw and 150kco0f
Loading dashmlrw and 150kco0f
Matching weights between dashmlrw and 150kco0f
Making interpolation plot between dashmlrw and 150kco0f
t: 0.10000000149011612, train_loss: 0.010200348882542716, train_acc: 0.9986888888888888, test_loss: 0.3232148077711463, test_acc: 0.9197
t: 0.20000000298023224, train_loss: 0.08879355758693483, train_acc: 0.9793111111111111, test_loss: 0.3754465563595295, test_acc: 0.8966
t: 0.30000001192092896, train_loss: 0.4455846578386095, train_acc: 0.8820222222222223, test_loss: 0.647010187804699, test_acc: 0.8157
t: 0.4000000059604645, train_loss: 1.2111951628790962, train_acc: 0.6491333333333333, test_loss: 1.3360915613174438, test_acc: 0.5955
t: 0.5, train_loss: 1.774847841729058, train_acc: 0.39966666666666667, test_loss: 1.905089067220688, test_acc: 0.362
t: 0.6000000238418579, train_loss: 1.1646103743659126, train_acc: 0.6542888888888889, test_loss: 1.2998182344436646, test_acc: 0.5976
t: 0.699999988079071, train_loss: 0.4162065833091736, train_acc: 0.8865777777777778, test_loss: 0.6200154760479927, test_acc: 0.8131
t: 0.800000011920929, train_loss: 0.08442131839725707, train_acc: 0.9796222222222222, test_loss: 0.3702998238801956, test_acc: 0.8954
t: 0.8999999761581421, train_loss: 0.00993966690202554, train_acc: 0.9989333333333333, test_loss: 0.31258847936987877, test_acc: 0.924
Time taken: 144.02621603012085
Setting up f4gqwgu3 and 150kco0f
Loading f4gqwgu3 and 150kco0f
Matching weights between f4gqwgu3 and 150kco0f
Making interpolation plot between f4gqwgu3 and 150kco0f
t: 0.10000000149011612, train_loss: 0.008945793328765366, train_acc: 0.9991555555555556, test_loss: 0.32713314760476353, test_acc: 0.9198
t: 0.20000000298023224, train_loss: 0.08145042850573858, train_acc: 0.9810666666666666, test_loss: 0.37474583119153976, test_acc: 0.8982
t: 0.30000001192092896, train_loss: 0.4139304843902588, train_acc: 0.8902666666666667, test_loss: 0.6161621043086052, test_acc: 0.8246
t: 0.4000000059604645, train_loss: 1.2210203120761447, train_acc: 0.6371555555555556, test_loss: 1.3369874215126039, test_acc: 0.5943
t: 0.5, train_loss: 1.850561887656318, train_acc: 0.36817777777777777, test_loss: 1.9366088569164277, test_acc: 0.3598
t: 0.6000000238418579, train_loss: 1.2346959165361193, train_acc: 0.6180444444444444, test_loss: 1.3209879398345947, test_acc: 0.5897
t: 0.699999988079071, train_loss: 0.4266778539392683, train_acc: 0.8782, test_loss: 0.6067483368515968, test_acc: 0.8211
t: 0.800000011920929, train_loss: 0.08448686253031094, train_acc: 0.9789555555555556, test_loss: 0.36151480570435524, test_acc: 0.9039
t: 0.8999999761581421, train_loss: 0.009255954079661104, train_acc: 0.9992, test_loss: 0.3057267573848367, test_acc: 0.925
Time taken: 130.70546984672546
Setting up k9bggnze and 150kco0f
Loading k9bggnze and 150kco0f
Matching weights between k9bggnze and 150kco0f
Making interpolation plot between k9bggnze and 150kco0f
t: 0.10000000149011612, train_loss: 0.010901796269996298, train_acc: 0.9985333333333334, test_loss: 0.3170799205452204, test_acc: 0.9231
t: 0.20000000298023224, train_loss: 0.09589015086624357, train_acc: 0.9761333333333333, test_loss: 0.36912438571453093, test_acc: 0.8993
t: 0.30000001192092896, train_loss: 0.4460908596250746, train_acc: 0.8754, test_loss: 0.6151620119810104, test_acc: 0.8239
t: 0.4000000059604645, train_loss: 1.1998655050065783, train_acc: 0.6389555555555556, test_loss: 1.2836947357654571, test_acc: 0.6063
t: 0.5, train_loss: 1.7323546016693114, train_acc: 0.4312888888888889, test_loss: 1.7955508995056153, test_acc: 0.4187
t: 0.6000000238418579, train_loss: 1.247321846241421, train_acc: 0.6159777777777777, test_loss: 1.343815449476242, test_acc: 0.5845
t: 0.699999988079071, train_loss: 0.46364630535973445, train_acc: 0.8704888888888889, test_loss: 0.6659674057364464, test_acc: 0.8077
t: 0.800000011920929, train_loss: 0.09428328218724992, train_acc: 0.9752222222222222, test_loss: 0.38476772002875803, test_acc: 0.8948
t: 0.8999999761581421, train_loss: 0.010058657669524351, train_acc: 0.999, test_loss: 0.32073317393660544, test_acc: 0.9225
Time taken: 120.32447648048401
Setting up u2vs65a7 and 150kco0f
Loading u2vs65a7 and 150kco0f
Matching weights between u2vs65a7 and 150kco0f
Making interpolation plot between u2vs65a7 and 150kco0f
t: 0.10000000149011612, train_loss: 0.010006257102141777, train_acc: 0.9989111111111111, test_loss: 0.3029501627385616, test_acc: 0.9255
t: 0.20000000298023224, train_loss: 0.09386193801297082, train_acc: 0.9771333333333333, test_loss: 0.3577814972400665, test_acc: 0.903
t: 0.30000001192092896, train_loss: 0.4900424769613478, train_acc: 0.866, test_loss: 0.6817582306265831, test_acc: 0.8037
t: 0.4000000059604645, train_loss: 1.457351999982198, train_acc: 0.5577333333333333, test_loss: 1.5628199589252472, test_acc: 0.5126
t: 0.5, train_loss: 2.005998879623413, train_acc: 0.3226, test_loss: 2.0834127712249755, test_acc: 0.2994
t: 0.6000000238418579, train_loss: 1.2813019177542793, train_acc: 0.6162222222222222, test_loss: 1.370067458152771, test_acc: 0.5771
t: 0.699999988079071, train_loss: 0.4200059044467078, train_acc: 0.8869111111111111, test_loss: 0.6076583653688431, test_acc: 0.8204
t: 0.800000011920929, train_loss: 0.08238978069755766, train_acc: 0.9811555555555556, test_loss: 0.36798849776387216, test_acc: 0.898
t: 0.8999999761581421, train_loss: 0.00962067020866606, train_acc: 0.9989333333333333, test_loss: 0.30952520795166494, test_acc: 0.9244
Time taken: 121.72964835166931
Setting up 1vtsvdrz and 286uyunm
Loading 1vtsvdrz and 286uyunm
Matching weights between 1vtsvdrz and 286uyunm
Making interpolation plot between 1vtsvdrz and 286uyunm
t: 0.10000000149011612, train_loss: 0.00981306024707026, train_acc: 0.9989555555555556, test_loss: 0.3110095538944006, test_acc: 0.9252
t: 0.20000000298023224, train_loss: 0.08027827614678278, train_acc: 0.9798444444444444, test_loss: 0.34937451981008055, test_acc: 0.9037
t: 0.30000001192092896, train_loss: 0.3423084878312217, train_acc: 0.9039111111111111, test_loss: 0.527089823782444, test_acc: 0.8484
t: 0.4000000059604645, train_loss: 0.8041105364057752, train_acc: 0.7639111111111111, test_loss: 0.8942059224843979, test_acc: 0.7313
t: 0.5, train_loss: 1.0463262465159098, train_acc: 0.6706888888888889, test_loss: 1.1078223133087157, test_acc: 0.6393
t: 0.6000000238418579, train_loss: 0.7343689997990926, train_acc: 0.7898222222222222, test_loss: 0.8237924766540528, test_acc: 0.7476
t: 0.699999988079071, train_loss: 0.3077730094909668, train_acc: 0.9147555555555555, test_loss: 0.4906817731261253, test_acc: 0.8552
t: 0.800000011920929, train_loss: 0.07379766993522643, train_acc: 0.9821555555555556, test_loss: 0.33894292145967486, test_acc: 0.9062
t: 0.8999999761581421, train_loss: 0.00966797027008401, train_acc: 0.9990666666666667, test_loss: 0.29630045741796496, test_acc: 0.926
Time taken: 105.87832903862
Setting up dashmlrw and 286uyunm
Loading dashmlrw and 286uyunm
Matching weights between dashmlrw and 286uyunm
Making interpolation plot between dashmlrw and 286uyunm
t: 0.10000000149011612, train_loss: 0.010368193853232595, train_acc: 0.9986, test_loss: 0.3397306177765131, test_acc: 0.9193
t: 0.20000000298023224, train_loss: 0.08590166192849477, train_acc: 0.9774888888888889, test_loss: 0.39989998802542687, test_acc: 0.8954
t: 0.30000001192092896, train_loss: 0.36979742896821766, train_acc: 0.8965333333333333, test_loss: 0.6043756774067879, test_acc: 0.8309
t: 0.4000000059604645, train_loss: 0.8869250184694926, train_acc: 0.7436444444444444, test_loss: 1.0472161155939101, test_acc: 0.6854
t: 0.5, train_loss: 1.1847886603885227, train_acc: 0.6412666666666667, test_loss: 1.3004240608215332, test_acc: 0.5994
t: 0.6000000238418579, train_loss: 0.889069804488288, train_acc: 0.7409777777777777, test_loss: 1.0238429218530656, test_acc: 0.7008
t: 0.699999988079071, train_loss: 0.37113263302909005, train_acc: 0.8955555555555555, test_loss: 0.5891443279385566, test_acc: 0.832
t: 0.800000011920929, train_loss: 0.08270444959137174, train_acc: 0.9797777777777777, test_loss: 0.36866039857268335, test_acc: 0.901
t: 0.8999999761581421, train_loss: 0.00988765264650186, train_acc: 0.9990666666666667, test_loss: 0.31234532468020915, test_acc: 0.9231
Time taken: 118.39442825317383
Setting up f4gqwgu3 and 286uyunm
Loading f4gqwgu3 and 286uyunm
Matching weights between f4gqwgu3 and 286uyunm
Making interpolation plot between f4gqwgu3 and 286uyunm
t: 0.10000000149011612, train_loss: 0.009328818820251359, train_acc: 0.9989333333333333, test_loss: 0.32854152388870717, test_acc: 0.9201
t: 0.20000000298023224, train_loss: 0.07528816239039103, train_acc: 0.9808666666666667, test_loss: 0.3731211495399475, test_acc: 0.8976
t: 0.30000001192092896, train_loss: 0.30593432170020207, train_acc: 0.9139333333333334, test_loss: 0.5287184762954712, test_acc: 0.8403
t: 0.4000000059604645, train_loss: 0.6867541262626647, train_acc: 0.7969777777777778, test_loss: 0.8177571964263916, test_acc: 0.7439
t: 0.5, train_loss: 0.8477240154372321, train_acc: 0.7472222222222222, test_loss: 0.93234594643116, test_acc: 0.7034
t: 0.6000000238418579, train_loss: 0.6209024671872457, train_acc: 0.8248222222222222, test_loss: 0.7275390195846557, test_acc: 0.7764
t: 0.699999988079071, train_loss: 0.27317154852284325, train_acc: 0.9264, test_loss: 0.46410921767354013, test_acc: 0.8625
t: 0.800000011920929, train_loss: 0.06645210769706303, train_acc: 0.9846444444444444, test_loss: 0.33626972302794456, test_acc: 0.9086
t: 0.8999999761581421, train_loss: 0.008736120901174016, train_acc: 0.9992222222222222, test_loss: 0.29910034451633694, test_acc: 0.9279
Time taken: 98.14414405822754
Setting up k9bggnze and 286uyunm
Loading k9bggnze and 286uyunm
Matching weights between k9bggnze and 286uyunm
Making interpolation plot between k9bggnze and 286uyunm
t: 0.10000000149011612, train_loss: 0.009153370318561792, train_acc: 0.9987555555555555, test_loss: 0.2938903019577265, test_acc: 0.9283
t: 0.20000000298023224, train_loss: 0.07162995151347584, train_acc: 0.9819111111111111, test_loss: 0.32693404868245124, test_acc: 0.9072
t: 0.30000001192092896, train_loss: 0.2805150122748481, train_acc: 0.9202666666666667, test_loss: 0.4518610729277134, test_acc: 0.8673
t: 0.4000000059604645, train_loss: 0.5747637050840589, train_acc: 0.8373777777777778, test_loss: 0.6617378103733063, test_acc: 0.8029
t: 0.5, train_loss: 0.7421349435700311, train_acc: 0.7878666666666667, test_loss: 0.8041211175918579, test_acc: 0.7597
t: 0.6000000238418579, train_loss: 0.5780227452172173, train_acc: 0.8365777777777778, test_loss: 0.6698714110255242, test_acc: 0.7979
t: 0.699999988079071, train_loss: 0.2679949178801643, train_acc: 0.9232444444444444, test_loss: 0.4469694349169731, test_acc: 0.865
t: 0.800000011920929, train_loss: 0.06993248179886076, train_acc: 0.9828888888888889, test_loss: 0.32723131686449053, test_acc: 0.9071
t: 0.8999999761581421, train_loss: 0.00910461109512382, train_acc: 0.9990666666666667, test_loss: 0.29563102532178165, test_acc: 0.9272
Time taken: 118.22982501983643
Setting up u2vs65a7 and 286uyunm
Loading u2vs65a7 and 286uyunm
Matching weights between u2vs65a7 and 286uyunm
Making interpolation plot between u2vs65a7 and 286uyunm
t: 0.10000000149011612, train_loss: 0.009470084826813803, train_acc: 0.9991777777777778, test_loss: 0.30084105502814057, test_acc: 0.9227
t: 0.20000000298023224, train_loss: 0.08698518601788414, train_acc: 0.9794222222222222, test_loss: 0.3598202378302813, test_acc: 0.8982
t: 0.30000001192092896, train_loss: 0.46852436531914604, train_acc: 0.8661777777777778, test_loss: 0.6529950106143951, test_acc: 0.8038
t: 0.4000000059604645, train_loss: 1.2941752489937677, train_acc: 0.5881555555555555, test_loss: 1.3720905888080597, test_acc: 0.5665
t: 0.5, train_loss: 1.7392513071484037, train_acc: 0.4096, test_loss: 1.7965484642982483, test_acc: 0.4026
t: 0.6000000238418579, train_loss: 1.1601575612809922, train_acc: 0.6367111111111111, test_loss: 1.2469692152738572, test_acc: 0.6103
t: 0.699999988079071, train_loss: 0.4108069574515025, train_acc: 0.8819777777777777, test_loss: 0.6024320209026337, test_acc: 0.8177
t: 0.800000011920929, train_loss: 0.08545881068838967, train_acc: 0.9778444444444444, test_loss: 0.37051723048090934, test_acc: 0.9
t: 0.8999999761581421, train_loss: 0.009993883173167706, train_acc: 0.9985555555555555, test_loss: 0.31325958997011183, test_acc: 0.9253
Time taken: 131.7824261188507
